[2021/1/5:15h29m][INFO][src.carregamento.Carregamento]	- [INICIO_TARDIS] O arquivo de setado - Iniciando Carregamento.
[2021/1/5:15h29m][INFO][src.contexto.Contexto]	- Gravado no contexto chave[PATH_PROJETO]	valor[['/media/beldroega/DATA/SIDRAT/TARDIS']]
[2021/1/5:15h29m][INFO][src.contexto.Contexto]	- Gravado no contexto chave[PATH_CONFIGURACAO]	valor[['/media/beldroega/DATA/SIDRAT/TARDIS/base/configuracao.config']]
[2021/1/5:15h29m][INFO][src.contexto.Contexto]	- Gravado no contexto chave[PATH_LOG]	valor[['/media/beldroega/DATA/SIDRAT/TARDIS/log.out']]
[2021/1/5:15h29m][INFO][src.contexto.Contexto]	- Gravado no contexto chave[MODULE]	valor[['OTIMIZACAO']]
[2021/1/5:15h29m][INFO][src.contexto.Contexto]	- Gravado no contexto chave[MODULE]	valor[['OTIMIZACAO', 'INICIALIZACAO']]
[2021/1/5:15h29m][INFO][src.contexto.Contexto]	- Gravado no contexto chave[MODULE]	valor[['OTIMIZACAO', 'INICIALIZACAO', 'REDUCAO']]
[2021/1/5:15h29m][INFO][src.contexto.Contexto]	- Gravado no contexto chave[MODULE]	valor[['OTIMIZACAO', 'INICIALIZACAO', 'REDUCAO', 'AVALIACAO']]
[2021/1/5:15h29m][INFO][src.contexto.Contexto]	- Gravado no contexto chave[MODULE]	valor[['OTIMIZACAO', 'INICIALIZACAO', 'REDUCAO', 'AVALIACAO', 'CRITERIOPARADA']]
[2021/1/5:15h29m][INFO][src.contexto.Contexto]	- Gravado no contexto chave[MODULE]	valor[['OTIMIZACAO', 'INICIALIZACAO', 'REDUCAO', 'AVALIACAO', 'CRITERIOPARADA', 'SORTEIO']]
[2021/1/5:15h29m][INFO][src.contexto.Contexto]	- Gravado no contexto chave[MODULE]	valor[['OTIMIZACAO', 'INICIALIZACAO', 'REDUCAO', 'AVALIACAO', 'CRITERIOPARADA', 'SORTEIO', 'PROBLEMA_FECHADO']]
[2021/1/5:15h29m][INFO][src.contexto.Contexto]	- Gravado no contexto chave[SIMULADOR_NOME]	valor[['IMEX']]
[2021/1/5:15h29m][INFO][src.contexto.Contexto]	- Gravado no contexto chave[SIMULADOR_VERSAO]	valor[['2017.10']]
[2021/1/5:15h29m][INFO][src.contexto.Contexto]	- Gravado no contexto chave[PATH_SIMULACAO]	valor[['simulacao']]
[2021/1/5:15h29m][INFO][src.contexto.Contexto]	- Gravado no contexto chave[PATH_RESULTADO]	valor[['resultado/iteracao_{}']]
[2021/1/5:15h29m][INFO][src.contexto.Contexto]	- Gravado no contexto chave[INICIALIZACAO_TYPE]	valor[['DEFAULT']]
[2021/1/5:15h29m][INFO][src.contexto.Contexto]	- Gravado no contexto chave[INICIALIZACAO_DOMINIO]	valor[['../base/dominio.csv']]
[2021/1/5:15h29m][INFO][src.contexto.Contexto]	- Gravado no contexto chave[INICIALIZACAO_SIMULA_BASE]	valor[[False]]
[2021/1/5:15h29m][INFO][src.contexto.Contexto]	- Gravado no contexto chave[INICIALIZACAO_RESUME_PATH]	valor[['resultado/iteracao_.rst']]
[2021/1/5:15h29m][INFO][src.contexto.Contexto]	- Gravado no contexto chave[OTIMIZACAO_TYPE]	valor[['IDLHC']]
[2021/1/5:15h29m][INFO][src.contexto.Contexto]	- Gravado no contexto chave[OTIMIZACAO_IDLHC_AMOSTRAS_ITERACAO]	valor[[100]]
[2021/1/5:15h29m][INFO][src.contexto.Contexto]	- Gravado no contexto chave[OTIMIZACAO_IDLHC_AMOSTRAS_PDF]	valor[[20]]
[2021/1/5:15h29m][INFO][src.contexto.Contexto]	- Gravado no contexto chave[AVALIACAO_TYPE]	valor[['SPHERE']]
[2021/1/5:15h29m][INFO][src.contexto.Contexto]	- Gravado no contexto chave[AVALIACAO_PATH_MELHORES]	valor[['MELHORES']]
[2021/1/5:15h29m][INFO][src.contexto.Contexto]	- Gravado no contexto chave[AVALIACAO_MELHORES_QTD_SALVAR]	valor[[5]]
[2021/1/5:15h29m][INFO][src.contexto.Contexto]	- Gravado no contexto chave[AVALIACAO_DIRECAO_OF]	valor[['MAX SPHERE']]
[2021/1/5:15h29m][INFO][src.contexto.Contexto]	- Gravado no contexto chave[AVALIACAO_MERO_EXECUTAVEL]	valor[['C:\\\\PROGRA~1\\\\UNISIM\\\\MERO\\\\2020.4.0\\\\cli\\\\meroc']]
[2021/1/5:15h29m][INFO][src.contexto.Contexto]	- Gravado no contexto chave[AVALIACAO_MERO_ECO_REFERENCE_DATE]	valor[['28/02/2018']]
[2021/1/5:15h29m][INFO][src.contexto.Contexto]	- Gravado no contexto chave[AVALIACAO_MERO_UNIMAP_PATH]	valor[['..\\\\base\\\\U2DBO_IM80.unimap']]
[2021/1/5:15h29m][INFO][src.contexto.Contexto]	- Gravado no contexto chave[AVALIACAO_MERO_UNIECO_PATH]	valor[['..\\\\base\\\\U1D-CONCESSION_SYSTEM_IW.unieco#1']]
[2021/1/5:15h29m][INFO][src.contexto.Contexto]	- Gravado no contexto chave[AVALIACAO_MERO_GEVT_TEMPLATE]	valor[['..\\\\base\\\\gevt.mero#..\\\\base\\\\U2DBO_IM80_E0_WAG_IW.tpl#1']]
[2021/1/5:15h29m][INFO][src.contexto.Contexto]	- Gravado no contexto chave[AVALIACAO_MERO_TEMPO_MAX_SIM]	valor[[24]]
[2021/1/5:15h29m][INFO][src.contexto.Contexto]	- Gravado no contexto chave[CRITERIO_PARADA]	valor[['SIMULACOES_MAX']]
[2021/1/5:15h29m][INFO][src.contexto.Contexto]	- Gravado no contexto chave[CRITERIO_PARADA_SIMULACOES_MAX]	valor[[2000]]
[2021/1/5:15h29m][INFO][src.contexto.Contexto]	- Gravado no contexto chave[AVALIACAO_QUALIFICADOR]	valor[['TOTAL']]
[2021/1/5:15h29m][INFO][src.contexto.Contexto]	- Gravado no contexto chave[AVALIACAO_MERO_GEVTS_TEMPLATES_EXECUTAR]	valor[[{'gevt_U2DBO_IM80_E0_WAG_IW': {'gevt_path': '../base/gevt.mero', 'gevt_file_name': 'gevt', 'template_path': '../base/U2DBO_IM80_E0_WAG_IW.tpl', 'template_file_name': 'U2DBO_IM80_E0_WAG_IW', 'template_prob': 1}}]]
[2021/1/5:15h29m][INFO][src.contexto.Contexto]	- Gravado no contexto chave[AVALIACAO_MERO_UNIECOS_EXECUTAR]	valor[{'': {'unieco_path': '..\\\\base\\\\U1D-CONCESSION_SYSTEM_IW.unieco', 'unieco_file_name': '', 'unieco_prob': '1'}}]
[2021/1/5:15h29m][INFO][src.contexto.Contexto]	- Gravado no contexto chave[SORTEIO_TYPE]	valor[['HLDG']]
[2021/1/5:15h29m][INFO][src.contexto.Contexto]	- RANDOM_SEED [1609871342]
[2021/1/5:15h29m][INFO][src.contexto.Contexto]	- Gravado no contexto chave[RANDOM_SEED]	valor[[1609871342]]
[2021/1/5:15h29m][INFO][src.contexto.Contexto]	- Gravado no contexto chave[SORTEIO_SOLUCOES_NOVAS]	valor[[None]]
[2021/1/5:15h29m][INFO][src.contexto.Contexto]	- Gravado no contexto chave[INTERNO_CRITERIO_PARADA_QTD_SOLUCAO_NOVA]	valor[[0]]
[2021/1/5:15h29m][INFO][src.contexto.Contexto]	- Gravado no contexto chave[VISUALIZACAO_TYPE]	valor[[<EnumValues.EXECUCAO: 46>]]
[2021/1/5:15h29m][INFO][src.contexto.Contexto]	- Gravado no contexto chave[AVALIACAO_OF_NOME_MONO]	valor[['SPHERE']]
[2021/1/5:15h29m][INFO][src.contexto.Contexto]	- Gravado no contexto chave[AVALIACAO_NOMES_DIRECOES_OFS]	valor[{'SPHERE': {'DIRECAO': 'MAX', 'OF': 'SPHERE'}}]
[2021/1/5:15h29m][INFO][src.contexto.Contexto]	- Gravado no contexto chave[AVALIACAO_DIRECAO_OF]	valor[['MAX SPHERE']]
[2021/1/5:15h29m][INFO][src.contexto.Contexto]	- Gravado no contexto chave[AVALIACAO_MERO_DS_PARAMS]	valor[['-l INFO -t hpc01 -s TORQUE -p 8 -n 1 -q normal --no-wait']]
[2021/1/5:15h29m][INFO][src.contexto.Contexto]	- Gravado no contexto chave[OTIMIZACAO_MCC_ORDEM_VARIAVEL_ALEATORIA]	valor[[False]]
[2021/1/5:15h29m][INFO][src.carregamento.Carregamento]	- Executando o src.carregamento.Carregamento
[2021/1/5:15h29m][INFO][src.modulo.inicializacao.Inicializador]	- Carregando o src.modulo.inicializacao.Inicializador
[2021/1/5:15h29m][INFO][src.modulo.inicializacao.Inicializador]	- O modulo de inicialização [DEFAULT] foi definido.
[2021/1/5:15h29m][INFO][src.modulo.inicializacao.Inicializador]	- Atritubo [EnumAtributo.INICIALIZACAO_TYPE] definico como [DEFAULT]
[2021/1/5:15h29m][INFO][src.modulo.inicializacao.Inicializador]	- Atritubo [EnumAtributo.PATH_PROJETO] definico como [/media/beldroega/DATA/SIDRAT/TARDIS]
[2021/1/5:15h29m][INFO][src.modulo.inicializacao.Inicializador]	- Atritubo [EnumAtributo.INICIALIZACAO_DOMINIO] definico como [../base/dominio.csv]
[2021/1/5:15h29m][INFO][src.modulo.problemas_fechados.ProblemaFechado]	- Carregando o src.modulo.problemas_fechados.ProblemaFechado
[2021/1/5:15h29m][INFO][src.modulo.problemas_fechados.ProblemaFechado]	- O modulo de inicialização [SPHERE] foi definido.
[2021/1/5:15h29m][INFO][src.modulo.problemas_fechados.ProblemaFechado]	- Atritubo [EnumAtributo.OTIMIZACAO_TYPE] definico como [IDLHC]
[2021/1/5:15h29m][INFO][src.modulo.problemas_fechados.ProblemaFechado]	- Atritubo [EnumAtributo.PATH_RESULTADO] definico como [resultado/iteracao_{}]
[2021/1/5:15h29m][INFO][src.modulo.problemas_fechados.ProblemaFechado]	- Atritubo [EnumAtributo.AVALIACAO_TYPE] definico como [SPHERE]
[2021/1/5:15h29m][INFO][src.modulo.problemas_fechados.ProblemaFechado]	- Atritubo [EnumAtributo.PATH_PROJETO] definico como [/media/beldroega/DATA/SIDRAT/TARDIS]
[2021/1/5:15h29m][INFO][src.modulo.problemas_fechados.ProblemaFechado]	- Atritubo [EnumAtributo.PATH_RESULTADO] definico como [resultado/iteracao_{}]
[2021/1/5:15h29m][INFO][src.modulo.sorteio.Sorteio]	- Carregando o src.modulo.sorteio.Sorteio
[2021/1/5:15h29m][INFO][src.modulo.sorteio.Sorteio]	- O modulo de sorteio [HLDG] foi definido.
[2021/1/5:15h29m][INFO][src.modulo.sorteio.Sorteio]	- Atritubo [EnumAtributo.PATH_PROJETO] definico como [/media/beldroega/DATA/SIDRAT/TARDIS]
[2021/1/5:15h29m][INFO][src.modulo.avaliacao.Avaliador]	- Carregando o src.modulo.avaliacao.Avaliador
[2021/1/5:15h29m][INFO][src.modulo.avaliacao.Avaliador]	- O modulo de inicialização [SPHERE] foi definido.
[2021/1/5:15h29m][INFO][src.modulo.avaliacao.Avaliador]	- Atritubo [EnumAtributo.AVALIACAO_TYPE] definico como [SPHERE]
[2021/1/5:15h29m][INFO][src.modulo.avaliacao.Avaliador]	- Atritubo [EnumAtributo.PATH_PROJETO] definico como [/media/beldroega/DATA/SIDRAT/TARDIS]
[2021/1/5:15h29m][INFO][src.modulo.avaliacao.Avaliador]	- Atritubo [EnumAtributo.AVALIACAO_TYPE] definico como [SPHERE]
[2021/1/5:15h29m][INFO][src.modulo.avaliacao.Avaliador]	- Atritubo [EnumAtributo.AVALIACAO_TYPE] definico como [SPHERE]
[2021/1/5:15h29m][INFO][src.modulo.reducao.Redutor]	- Carregando o src.modulo.reducao.Redutor
[2021/1/5:15h29m][INFO][src.modulo.reducao.Redutor]	- Atritubo [EnumAtributo.AVALIACAO_TYPE] definico como [SPHERE]
[2021/1/5:15h29m][INFO][src.modulo.reducao.Redutor]	- Atritubo [EnumAtributo.PATH_PROJETO] definico como [/media/beldroega/DATA/SIDRAT/TARDIS]
[2021/1/5:15h29m][INFO][src.modulo.criterio_parada.CriterioParada]	- Carregando o src.modulo.criterio_parada.CriterioParada
[2021/1/5:15h29m][INFO][src.modulo.criterio_parada.CriterioParada]	- Atritubo [EnumAtributo.PATH_PROJETO] definico como [/media/beldroega/DATA/SIDRAT/TARDIS]
[2021/1/5:15h29m][INFO][src.modulo.criterio_parada.CriterioParada]	- Atritubo [EnumAtributo.CRITERIO_PARADA_SIMULACOES_MAX] definico como [2000]
[2021/1/5:15h29m][INFO][src.modulo.otimizacao.Otimizador]	- Carregando o src.modulo.otimizacao.Otimizador
[2021/1/5:15h29m][INFO][src.modulo.otimizacao.Otimizador]	- O modulo de otimizacao [IDLHC] foi definido.
[2021/1/5:15h29m][INFO][src.modulo.otimizacao.Otimizador]	- Atritubo [EnumAtributo.OTIMIZACAO_TYPE] definico como [IDLHC]
[2021/1/5:15h29m][INFO][src.modulo.otimizacao.Otimizador]	- Atritubo [EnumAtributo.PATH_RESULTADO] definico como [resultado/iteracao_{}]
[2021/1/5:15h29m][INFO][src.modulo.otimizacao.Otimizador]	- Atritubo [EnumAtributo.AVALIACAO_TYPE] definico como [SPHERE]
[2021/1/5:15h29m][INFO][src.modulo.otimizacao.Otimizador]	- Atritubo [EnumAtributo.INICIALIZACAO_DOMINIO] definico como [../base/dominio.csv]
[2021/1/5:15h29m][INFO][src.modulo.otimizacao.Otimizador]	- Atritubo [EnumAtributo.PATH_PROJETO] definico como [/media/beldroega/DATA/SIDRAT/TARDIS]
[2021/1/5:15h29m][INFO][src.modulo.otimizacao.Otimizador]	- Atritubo [EnumAtributo.INICIALIZACAO_DOMINIO] definico como [../base/dominio.csv]
[2021/1/5:15h29m][INFO][src.modulo.otimizacao.Otimizador]	- Atritubo [EnumAtributo.OTIMIZACAO_IDLHC_AMOSTRAS_ITERACAO] definico como [100]
[2021/1/5:15h29m][INFO][src.modulo.otimizacao.Otimizador]	- Atritubo [EnumAtributo.OTIMIZACAO_IDLHC_AMOSTRAS_PDF] definico como [20]
[2021/1/5:15h29m][INFO][src.modulo.otimizacao.Otimizador]	- Atritubo [EnumAtributo.PATH_RESULTADO] definico como [resultado/iteracao_{}]
[2021/1/5:15h29m][INFO][src.modulo.otimizacao.Otimizador]	- Atritubo [EnumAtributo.OTIMIZACAO_TYPE] definico como [IDLHC]
[2021/1/5:15h29m][INFO][src.loggin.Loggin]	- Quantilidade de solucao = 0
[2021/1/5:15h29m][INFO][src.loggin.Loggin]	- Memoria usada [89Mb]
[2021/1/5:15h34m][INFO][src.carregamento.Carregamento]	- [INICIO_TARDIS] O arquivo de setado - Iniciando Carregamento.
[2021/1/5:15h34m][INFO][src.contexto.Contexto]	- Gravado no contexto chave[PATH_PROJETO]	valor[['/media/beldroega/DATA/SIDRAT/TARDIS']]
[2021/1/5:15h34m][INFO][src.contexto.Contexto]	- Gravado no contexto chave[PATH_CONFIGURACAO]	valor[['/media/beldroega/DATA/SIDRAT/TARDIS/base/configuracao.config']]
[2021/1/5:15h34m][INFO][src.contexto.Contexto]	- Gravado no contexto chave[PATH_LOG]	valor[['/media/beldroega/DATA/SIDRAT/TARDIS/log.out']]
[2021/1/5:15h34m][INFO][src.contexto.Contexto]	- Gravado no contexto chave[MODULE]	valor[['OTIMIZACAO']]
[2021/1/5:15h34m][INFO][src.contexto.Contexto]	- Gravado no contexto chave[MODULE]	valor[['OTIMIZACAO', 'INICIALIZACAO']]
[2021/1/5:15h34m][INFO][src.contexto.Contexto]	- Gravado no contexto chave[MODULE]	valor[['OTIMIZACAO', 'INICIALIZACAO', 'REDUCAO']]
[2021/1/5:15h34m][INFO][src.contexto.Contexto]	- Gravado no contexto chave[MODULE]	valor[['OTIMIZACAO', 'INICIALIZACAO', 'REDUCAO', 'AVALIACAO']]
[2021/1/5:15h34m][INFO][src.contexto.Contexto]	- Gravado no contexto chave[MODULE]	valor[['OTIMIZACAO', 'INICIALIZACAO', 'REDUCAO', 'AVALIACAO', 'CRITERIOPARADA']]
[2021/1/5:15h34m][INFO][src.contexto.Contexto]	- Gravado no contexto chave[MODULE]	valor[['OTIMIZACAO', 'INICIALIZACAO', 'REDUCAO', 'AVALIACAO', 'CRITERIOPARADA', 'SORTEIO']]
[2021/1/5:15h34m][INFO][src.contexto.Contexto]	- Gravado no contexto chave[MODULE]	valor[['OTIMIZACAO', 'INICIALIZACAO', 'REDUCAO', 'AVALIACAO', 'CRITERIOPARADA', 'SORTEIO', 'PROBLEMA_FECHADO']]
[2021/1/5:15h34m][INFO][src.contexto.Contexto]	- Gravado no contexto chave[SIMULADOR_NOME]	valor[['IMEX']]
[2021/1/5:15h34m][INFO][src.contexto.Contexto]	- Gravado no contexto chave[SIMULADOR_VERSAO]	valor[['2017.10']]
[2021/1/5:15h34m][INFO][src.contexto.Contexto]	- Gravado no contexto chave[PATH_SIMULACAO]	valor[['simulacao']]
[2021/1/5:15h34m][INFO][src.contexto.Contexto]	- Gravado no contexto chave[PATH_RESULTADO]	valor[['resultado/iteracao_{}']]
[2021/1/5:15h34m][INFO][src.contexto.Contexto]	- Gravado no contexto chave[INICIALIZACAO_TYPE]	valor[['DEFAULT']]
[2021/1/5:15h34m][INFO][src.contexto.Contexto]	- Gravado no contexto chave[INICIALIZACAO_DOMINIO]	valor[['../base/dominio.csv']]
[2021/1/5:15h34m][INFO][src.contexto.Contexto]	- Gravado no contexto chave[INICIALIZACAO_SIMULA_BASE]	valor[[False]]
[2021/1/5:15h34m][INFO][src.contexto.Contexto]	- Gravado no contexto chave[INICIALIZACAO_RESUME_PATH]	valor[['resultado/iteracao_.rst']]
[2021/1/5:15h34m][INFO][src.contexto.Contexto]	- Gravado no contexto chave[OTIMIZACAO_TYPE]	valor[['IDLHC']]
[2021/1/5:15h34m][INFO][src.contexto.Contexto]	- Gravado no contexto chave[OTIMIZACAO_IDLHC_AMOSTRAS_ITERACAO]	valor[[100]]
[2021/1/5:15h34m][INFO][src.contexto.Contexto]	- Gravado no contexto chave[OTIMIZACAO_IDLHC_AMOSTRAS_PDF]	valor[[20]]
[2021/1/5:15h34m][INFO][src.contexto.Contexto]	- Gravado no contexto chave[AVALIACAO_TYPE]	valor[['SPHERE']]
[2021/1/5:15h34m][INFO][src.contexto.Contexto]	- Gravado no contexto chave[AVALIACAO_PATH_MELHORES]	valor[['MELHORES']]
[2021/1/5:15h34m][INFO][src.contexto.Contexto]	- Gravado no contexto chave[AVALIACAO_MELHORES_QTD_SALVAR]	valor[[5]]
[2021/1/5:15h34m][INFO][src.contexto.Contexto]	- Gravado no contexto chave[AVALIACAO_DIRECAO_OF]	valor[['MAX SPHERE']]
[2021/1/5:15h34m][INFO][src.contexto.Contexto]	- Gravado no contexto chave[AVALIACAO_MERO_EXECUTAVEL]	valor[['C:\\\\PROGRA~1\\\\UNISIM\\\\MERO\\\\2020.4.0\\\\cli\\\\meroc']]
[2021/1/5:15h34m][INFO][src.contexto.Contexto]	- Gravado no contexto chave[AVALIACAO_MERO_ECO_REFERENCE_DATE]	valor[['28/02/2018']]
[2021/1/5:15h34m][INFO][src.contexto.Contexto]	- Gravado no contexto chave[AVALIACAO_MERO_UNIMAP_PATH]	valor[['..\\\\base\\\\U2DBO_IM80.unimap']]
[2021/1/5:15h34m][INFO][src.contexto.Contexto]	- Gravado no contexto chave[AVALIACAO_MERO_UNIECO_PATH]	valor[['..\\\\base\\\\U1D-CONCESSION_SYSTEM_IW.unieco#1']]
[2021/1/5:15h34m][INFO][src.contexto.Contexto]	- Gravado no contexto chave[AVALIACAO_MERO_GEVT_TEMPLATE]	valor[['..\\\\base\\\\gevt.mero#..\\\\base\\\\U2DBO_IM80_E0_WAG_IW.tpl#1']]
[2021/1/5:15h34m][INFO][src.contexto.Contexto]	- Gravado no contexto chave[AVALIACAO_MERO_TEMPO_MAX_SIM]	valor[[24]]
[2021/1/5:15h34m][INFO][src.contexto.Contexto]	- Gravado no contexto chave[CRITERIO_PARADA]	valor[['SIMULACOES_MAX']]
[2021/1/5:15h34m][INFO][src.contexto.Contexto]	- Gravado no contexto chave[CRITERIO_PARADA_SIMULACOES_MAX]	valor[[2000]]
[2021/1/5:15h34m][INFO][src.contexto.Contexto]	- Gravado no contexto chave[AVALIACAO_QUALIFICADOR]	valor[['TOTAL']]
[2021/1/5:15h34m][INFO][src.contexto.Contexto]	- Gravado no contexto chave[AVALIACAO_MERO_GEVTS_TEMPLATES_EXECUTAR]	valor[[{'gevt_U2DBO_IM80_E0_WAG_IW': {'gevt_path': '../base/gevt.mero', 'gevt_file_name': 'gevt', 'template_path': '../base/U2DBO_IM80_E0_WAG_IW.tpl', 'template_file_name': 'U2DBO_IM80_E0_WAG_IW', 'template_prob': 1}}]]
[2021/1/5:15h34m][INFO][src.contexto.Contexto]	- Gravado no contexto chave[AVALIACAO_MERO_UNIECOS_EXECUTAR]	valor[{'': {'unieco_path': '..\\\\base\\\\U1D-CONCESSION_SYSTEM_IW.unieco', 'unieco_file_name': '', 'unieco_prob': '1'}}]
[2021/1/5:15h34m][INFO][src.contexto.Contexto]	- Gravado no contexto chave[SORTEIO_TYPE]	valor[['HLDG']]
[2021/1/5:15h34m][INFO][src.contexto.Contexto]	- RANDOM_SEED [1609871667]
[2021/1/5:15h34m][INFO][src.contexto.Contexto]	- Gravado no contexto chave[RANDOM_SEED]	valor[[1609871667]]
[2021/1/5:15h34m][INFO][src.contexto.Contexto]	- Gravado no contexto chave[SORTEIO_SOLUCOES_NOVAS]	valor[[None]]
[2021/1/5:15h34m][INFO][src.contexto.Contexto]	- Gravado no contexto chave[INTERNO_CRITERIO_PARADA_QTD_SOLUCAO_NOVA]	valor[[0]]
[2021/1/5:15h34m][INFO][src.contexto.Contexto]	- Gravado no contexto chave[VISUALIZACAO_TYPE]	valor[[<EnumValues.EXECUCAO: 46>]]
[2021/1/5:15h34m][INFO][src.contexto.Contexto]	- Gravado no contexto chave[AVALIACAO_OF_NOME_MONO]	valor[['SPHERE']]
[2021/1/5:15h34m][INFO][src.contexto.Contexto]	- Gravado no contexto chave[AVALIACAO_NOMES_DIRECOES_OFS]	valor[{'SPHERE': {'DIRECAO': 'MAX', 'OF': 'SPHERE'}}]
[2021/1/5:15h34m][INFO][src.contexto.Contexto]	- Gravado no contexto chave[AVALIACAO_DIRECAO_OF]	valor[['MAX SPHERE']]
[2021/1/5:15h34m][INFO][src.contexto.Contexto]	- Gravado no contexto chave[AVALIACAO_MERO_DS_PARAMS]	valor[['-l INFO -t hpc01 -s TORQUE -p 8 -n 1 -q normal --no-wait']]
[2021/1/5:15h34m][INFO][src.contexto.Contexto]	- Gravado no contexto chave[OTIMIZACAO_MCC_ORDEM_VARIAVEL_ALEATORIA]	valor[[False]]
[2021/1/5:15h34m][INFO][src.carregamento.Carregamento]	- Executando o src.carregamento.Carregamento
[2021/1/5:15h34m][INFO][src.modulo.inicializacao.Inicializador]	- Carregando o src.modulo.inicializacao.Inicializador
[2021/1/5:15h34m][INFO][src.modulo.inicializacao.Inicializador]	- O modulo de inicialização [DEFAULT] foi definido.
[2021/1/5:15h34m][INFO][src.modulo.inicializacao.Inicializador]	- Atritubo [EnumAtributo.INICIALIZACAO_TYPE] definico como [DEFAULT]
[2021/1/5:15h34m][INFO][src.modulo.inicializacao.Inicializador]	- Atritubo [EnumAtributo.PATH_PROJETO] definico como [/media/beldroega/DATA/SIDRAT/TARDIS]
[2021/1/5:15h34m][INFO][src.modulo.inicializacao.Inicializador]	- Atritubo [EnumAtributo.INICIALIZACAO_DOMINIO] definico como [../base/dominio.csv]
[2021/1/5:15h34m][INFO][src.modulo.problemas_fechados.ProblemaFechado]	- Carregando o src.modulo.problemas_fechados.ProblemaFechado
[2021/1/5:15h34m][INFO][src.modulo.problemas_fechados.ProblemaFechado]	- O modulo de inicialização [SPHERE] foi definido.
[2021/1/5:15h34m][INFO][src.modulo.problemas_fechados.ProblemaFechado]	- Atritubo [EnumAtributo.OTIMIZACAO_TYPE] definico como [IDLHC]
[2021/1/5:15h34m][INFO][src.modulo.problemas_fechados.ProblemaFechado]	- Atritubo [EnumAtributo.PATH_RESULTADO] definico como [resultado/iteracao_{}]
[2021/1/5:15h34m][INFO][src.modulo.problemas_fechados.ProblemaFechado]	- Atritubo [EnumAtributo.AVALIACAO_TYPE] definico como [SPHERE]
[2021/1/5:15h34m][INFO][src.modulo.problemas_fechados.ProblemaFechado]	- Atritubo [EnumAtributo.PATH_PROJETO] definico como [/media/beldroega/DATA/SIDRAT/TARDIS]
[2021/1/5:15h34m][INFO][src.modulo.problemas_fechados.ProblemaFechado]	- Atritubo [EnumAtributo.PATH_RESULTADO] definico como [resultado/iteracao_{}]
[2021/1/5:15h34m][INFO][src.modulo.sorteio.Sorteio]	- Carregando o src.modulo.sorteio.Sorteio
[2021/1/5:15h34m][INFO][src.modulo.sorteio.Sorteio]	- O modulo de sorteio [HLDG] foi definido.
[2021/1/5:15h34m][INFO][src.modulo.sorteio.Sorteio]	- Atritubo [EnumAtributo.PATH_PROJETO] definico como [/media/beldroega/DATA/SIDRAT/TARDIS]
[2021/1/5:15h34m][INFO][src.modulo.avaliacao.Avaliador]	- Carregando o src.modulo.avaliacao.Avaliador
[2021/1/5:15h34m][INFO][src.modulo.avaliacao.Avaliador]	- O modulo de inicialização [SPHERE] foi definido.
[2021/1/5:15h34m][INFO][src.modulo.avaliacao.Avaliador]	- Atritubo [EnumAtributo.AVALIACAO_TYPE] definico como [SPHERE]
[2021/1/5:15h34m][INFO][src.modulo.avaliacao.Avaliador]	- Atritubo [EnumAtributo.PATH_PROJETO] definico como [/media/beldroega/DATA/SIDRAT/TARDIS]
[2021/1/5:15h34m][INFO][src.modulo.avaliacao.Avaliador]	- Atritubo [EnumAtributo.AVALIACAO_TYPE] definico como [SPHERE]
[2021/1/5:15h34m][INFO][src.modulo.avaliacao.Avaliador]	- Atritubo [EnumAtributo.AVALIACAO_TYPE] definico como [SPHERE]
[2021/1/5:15h34m][INFO][src.modulo.reducao.Redutor]	- Carregando o src.modulo.reducao.Redutor
[2021/1/5:15h34m][INFO][src.modulo.reducao.Redutor]	- Atritubo [EnumAtributo.AVALIACAO_TYPE] definico como [SPHERE]
[2021/1/5:15h34m][INFO][src.modulo.reducao.Redutor]	- Atritubo [EnumAtributo.PATH_PROJETO] definico como [/media/beldroega/DATA/SIDRAT/TARDIS]
[2021/1/5:15h34m][INFO][src.modulo.criterio_parada.CriterioParada]	- Carregando o src.modulo.criterio_parada.CriterioParada
[2021/1/5:15h34m][INFO][src.modulo.criterio_parada.CriterioParada]	- Atritubo [EnumAtributo.PATH_PROJETO] definico como [/media/beldroega/DATA/SIDRAT/TARDIS]
[2021/1/5:15h34m][INFO][src.modulo.criterio_parada.CriterioParada]	- Atritubo [EnumAtributo.CRITERIO_PARADA_SIMULACOES_MAX] definico como [2000]
[2021/1/5:15h34m][INFO][src.modulo.otimizacao.Otimizador]	- Carregando o src.modulo.otimizacao.Otimizador
[2021/1/5:15h34m][INFO][src.modulo.otimizacao.Otimizador]	- O modulo de otimizacao [IDLHC] foi definido.
[2021/1/5:15h34m][INFO][src.modulo.otimizacao.Otimizador]	- Atritubo [EnumAtributo.OTIMIZACAO_TYPE] definico como [IDLHC]
[2021/1/5:15h34m][INFO][src.modulo.otimizacao.Otimizador]	- Atritubo [EnumAtributo.PATH_RESULTADO] definico como [resultado/iteracao_{}]
[2021/1/5:15h34m][INFO][src.modulo.otimizacao.Otimizador]	- Atritubo [EnumAtributo.AVALIACAO_TYPE] definico como [SPHERE]
[2021/1/5:15h34m][INFO][src.modulo.otimizacao.Otimizador]	- Atritubo [EnumAtributo.INICIALIZACAO_DOMINIO] definico como [../base/dominio.csv]
[2021/1/5:15h34m][INFO][src.modulo.otimizacao.Otimizador]	- Atritubo [EnumAtributo.PATH_PROJETO] definico como [/media/beldroega/DATA/SIDRAT/TARDIS]
[2021/1/5:15h34m][INFO][src.modulo.otimizacao.Otimizador]	- Atritubo [EnumAtributo.INICIALIZACAO_DOMINIO] definico como [../base/dominio.csv]
[2021/1/5:15h34m][INFO][src.modulo.otimizacao.Otimizador]	- Atritubo [EnumAtributo.OTIMIZACAO_IDLHC_AMOSTRAS_ITERACAO] definico como [100]
[2021/1/5:15h34m][INFO][src.modulo.otimizacao.Otimizador]	- Atritubo [EnumAtributo.OTIMIZACAO_IDLHC_AMOSTRAS_PDF] definico como [20]
[2021/1/5:15h34m][INFO][src.modulo.otimizacao.Otimizador]	- Atritubo [EnumAtributo.PATH_RESULTADO] definico como [resultado/iteracao_{}]
[2021/1/5:15h34m][INFO][src.modulo.otimizacao.Otimizador]	- Atritubo [EnumAtributo.OTIMIZACAO_TYPE] definico como [IDLHC]
[2021/1/5:15h34m][INFO][src.loggin.Loggin]	- Quantilidade de solucao = 0
[2021/1/5:15h34m][INFO][src.loggin.Loggin]	- Memoria usada [88Mb]
[2021/1/5:15h35m][INFO][src.carregamento.Carregamento]	- [INICIO_TARDIS] - Iniciando Carregamento.
[2021/1/5:15h35m][INFO][src.contexto.Contexto]	- Gravado no contexto chave[PATH_PROJETO]	valor[['/media/beldroega/DATA/SIDRAT/TARDIS']]
[2021/1/5:15h35m][INFO][src.contexto.Contexto]	- Gravado no contexto chave[PATH_CONFIGURACAO]	valor[['/media/beldroega/DATA/SIDRAT/TARDIS/base/configuracao.config']]
[2021/1/5:15h35m][INFO][src.contexto.Contexto]	- Gravado no contexto chave[PATH_LOG]	valor[['/media/beldroega/DATA/SIDRAT/TARDIS/log.out']]
[2021/1/5:15h35m][INFO][src.contexto.Contexto]	- Gravado no contexto chave[MODULE]	valor[['OTIMIZACAO']]
[2021/1/5:15h35m][INFO][src.contexto.Contexto]	- Gravado no contexto chave[MODULE]	valor[['OTIMIZACAO', 'INICIALIZACAO']]
[2021/1/5:15h35m][INFO][src.contexto.Contexto]	- Gravado no contexto chave[MODULE]	valor[['OTIMIZACAO', 'INICIALIZACAO', 'REDUCAO']]
[2021/1/5:15h35m][INFO][src.contexto.Contexto]	- Gravado no contexto chave[MODULE]	valor[['OTIMIZACAO', 'INICIALIZACAO', 'REDUCAO', 'AVALIACAO']]
[2021/1/5:15h35m][INFO][src.contexto.Contexto]	- Gravado no contexto chave[MODULE]	valor[['OTIMIZACAO', 'INICIALIZACAO', 'REDUCAO', 'AVALIACAO', 'CRITERIOPARADA']]
[2021/1/5:15h35m][INFO][src.contexto.Contexto]	- Gravado no contexto chave[MODULE]	valor[['OTIMIZACAO', 'INICIALIZACAO', 'REDUCAO', 'AVALIACAO', 'CRITERIOPARADA', 'SORTEIO']]
[2021/1/5:15h35m][INFO][src.contexto.Contexto]	- Gravado no contexto chave[MODULE]	valor[['OTIMIZACAO', 'INICIALIZACAO', 'REDUCAO', 'AVALIACAO', 'CRITERIOPARADA', 'SORTEIO', 'PROBLEMA_FECHADO']]
[2021/1/5:15h35m][INFO][src.contexto.Contexto]	- Gravado no contexto chave[SIMULADOR_NOME]	valor[['IMEX']]
[2021/1/5:15h35m][INFO][src.contexto.Contexto]	- Gravado no contexto chave[SIMULADOR_VERSAO]	valor[['2017.10']]
[2021/1/5:15h35m][INFO][src.contexto.Contexto]	- Gravado no contexto chave[PATH_SIMULACAO]	valor[['simulacao']]
[2021/1/5:15h35m][INFO][src.contexto.Contexto]	- Gravado no contexto chave[PATH_RESULTADO]	valor[['resultado/iteracao_{}']]
[2021/1/5:15h35m][INFO][src.contexto.Contexto]	- Gravado no contexto chave[INICIALIZACAO_TYPE]	valor[['DEFAULT']]
[2021/1/5:15h35m][INFO][src.contexto.Contexto]	- Gravado no contexto chave[INICIALIZACAO_DOMINIO]	valor[['../base/dominio.csv']]
[2021/1/5:15h35m][INFO][src.contexto.Contexto]	- Gravado no contexto chave[INICIALIZACAO_SIMULA_BASE]	valor[[False]]
[2021/1/5:15h35m][INFO][src.contexto.Contexto]	- Gravado no contexto chave[INICIALIZACAO_RESUME_PATH]	valor[['resultado/iteracao_.rst']]
[2021/1/5:15h35m][INFO][src.contexto.Contexto]	- Gravado no contexto chave[OTIMIZACAO_TYPE]	valor[['IDLHC']]
[2021/1/5:15h35m][INFO][src.contexto.Contexto]	- Gravado no contexto chave[OTIMIZACAO_IDLHC_AMOSTRAS_ITERACAO]	valor[[100]]
[2021/1/5:15h35m][INFO][src.contexto.Contexto]	- Gravado no contexto chave[OTIMIZACAO_IDLHC_AMOSTRAS_PDF]	valor[[20]]
[2021/1/5:15h35m][INFO][src.contexto.Contexto]	- Gravado no contexto chave[AVALIACAO_TYPE]	valor[['SPHERE']]
[2021/1/5:15h35m][INFO][src.contexto.Contexto]	- Gravado no contexto chave[AVALIACAO_PATH_MELHORES]	valor[['MELHORES']]
[2021/1/5:15h35m][INFO][src.contexto.Contexto]	- Gravado no contexto chave[AVALIACAO_MELHORES_QTD_SALVAR]	valor[[5]]
[2021/1/5:15h35m][INFO][src.contexto.Contexto]	- Gravado no contexto chave[AVALIACAO_DIRECAO_OF]	valor[['MAX SPHERE']]
[2021/1/5:15h35m][INFO][src.contexto.Contexto]	- Gravado no contexto chave[AVALIACAO_MERO_EXECUTAVEL]	valor[['C:\\\\PROGRA~1\\\\UNISIM\\\\MERO\\\\2020.4.0\\\\cli\\\\meroc']]
[2021/1/5:15h35m][INFO][src.contexto.Contexto]	- Gravado no contexto chave[AVALIACAO_MERO_ECO_REFERENCE_DATE]	valor[['28/02/2018']]
[2021/1/5:15h35m][INFO][src.contexto.Contexto]	- Gravado no contexto chave[AVALIACAO_MERO_UNIMAP_PATH]	valor[['..\\\\base\\\\U2DBO_IM80.unimap']]
[2021/1/5:15h35m][INFO][src.contexto.Contexto]	- Gravado no contexto chave[AVALIACAO_MERO_UNIECO_PATH]	valor[['..\\\\base\\\\U1D-CONCESSION_SYSTEM_IW.unieco#1']]
[2021/1/5:15h35m][INFO][src.contexto.Contexto]	- Gravado no contexto chave[AVALIACAO_MERO_GEVT_TEMPLATE]	valor[['..\\\\base\\\\gevt.mero#..\\\\base\\\\U2DBO_IM80_E0_WAG_IW.tpl#1']]
[2021/1/5:15h35m][INFO][src.contexto.Contexto]	- Gravado no contexto chave[AVALIACAO_MERO_TEMPO_MAX_SIM]	valor[[24]]
[2021/1/5:15h35m][INFO][src.contexto.Contexto]	- Gravado no contexto chave[CRITERIO_PARADA]	valor[['SIMULACOES_MAX']]
[2021/1/5:15h35m][INFO][src.contexto.Contexto]	- Gravado no contexto chave[CRITERIO_PARADA_SIMULACOES_MAX]	valor[[2000]]
[2021/1/5:15h35m][INFO][src.contexto.Contexto]	- Gravado no contexto chave[AVALIACAO_QUALIFICADOR]	valor[['TOTAL']]
[2021/1/5:15h35m][INFO][src.contexto.Contexto]	- Gravado no contexto chave[AVALIACAO_MERO_GEVTS_TEMPLATES_EXECUTAR]	valor[[{'gevt_U2DBO_IM80_E0_WAG_IW': {'gevt_path': '../base/gevt.mero', 'gevt_file_name': 'gevt', 'template_path': '../base/U2DBO_IM80_E0_WAG_IW.tpl', 'template_file_name': 'U2DBO_IM80_E0_WAG_IW', 'template_prob': 1}}]]
[2021/1/5:15h35m][INFO][src.contexto.Contexto]	- Gravado no contexto chave[AVALIACAO_MERO_UNIECOS_EXECUTAR]	valor[{'': {'unieco_path': '..\\\\base\\\\U1D-CONCESSION_SYSTEM_IW.unieco', 'unieco_file_name': '', 'unieco_prob': '1'}}]
[2021/1/5:15h35m][INFO][src.contexto.Contexto]	- Gravado no contexto chave[SORTEIO_TYPE]	valor[['HLDG']]
[2021/1/5:15h35m][INFO][src.contexto.Contexto]	- RANDOM_SEED [1609871702]
[2021/1/5:15h35m][INFO][src.contexto.Contexto]	- Gravado no contexto chave[RANDOM_SEED]	valor[[1609871702]]
[2021/1/5:15h35m][INFO][src.contexto.Contexto]	- Gravado no contexto chave[SORTEIO_SOLUCOES_NOVAS]	valor[[None]]
[2021/1/5:15h35m][INFO][src.contexto.Contexto]	- Gravado no contexto chave[INTERNO_CRITERIO_PARADA_QTD_SOLUCAO_NOVA]	valor[[0]]
[2021/1/5:15h35m][INFO][src.contexto.Contexto]	- Gravado no contexto chave[VISUALIZACAO_TYPE]	valor[[<EnumValues.EXECUCAO: 46>]]
[2021/1/5:15h35m][INFO][src.contexto.Contexto]	- Gravado no contexto chave[AVALIACAO_OF_NOME_MONO]	valor[['SPHERE']]
[2021/1/5:15h35m][INFO][src.contexto.Contexto]	- Gravado no contexto chave[AVALIACAO_NOMES_DIRECOES_OFS]	valor[{'SPHERE': {'DIRECAO': 'MAX', 'OF': 'SPHERE'}}]
[2021/1/5:15h35m][INFO][src.contexto.Contexto]	- Gravado no contexto chave[AVALIACAO_DIRECAO_OF]	valor[['MAX SPHERE']]
[2021/1/5:15h35m][INFO][src.contexto.Contexto]	- Gravado no contexto chave[AVALIACAO_MERO_DS_PARAMS]	valor[['-l INFO -t hpc01 -s TORQUE -p 8 -n 1 -q normal --no-wait']]
[2021/1/5:15h35m][INFO][src.contexto.Contexto]	- Gravado no contexto chave[OTIMIZACAO_MCC_ORDEM_VARIAVEL_ALEATORIA]	valor[[False]]
[2021/1/5:15h35m][INFO][src.carregamento.Carregamento]	- Executando o src.carregamento.Carregamento
[2021/1/5:15h35m][INFO][src.modulo.inicializacao.Inicializador]	- Carregando o src.modulo.inicializacao.Inicializador
[2021/1/5:15h35m][INFO][src.modulo.inicializacao.Inicializador]	- O modulo de inicialização [DEFAULT] foi definido.
[2021/1/5:15h35m][INFO][src.modulo.inicializacao.Inicializador]	- Atritubo [EnumAtributo.INICIALIZACAO_TYPE] definico como [DEFAULT]
[2021/1/5:15h35m][INFO][src.modulo.inicializacao.Inicializador]	- Atritubo [EnumAtributo.PATH_PROJETO] definico como [/media/beldroega/DATA/SIDRAT/TARDIS]
[2021/1/5:15h35m][INFO][src.modulo.inicializacao.Inicializador]	- Atritubo [EnumAtributo.INICIALIZACAO_DOMINIO] definico como [../base/dominio.csv]
[2021/1/5:15h35m][INFO][src.modulo.problemas_fechados.ProblemaFechado]	- Carregando o src.modulo.problemas_fechados.ProblemaFechado
[2021/1/5:15h35m][INFO][src.modulo.problemas_fechados.ProblemaFechado]	- O modulo de inicialização [SPHERE] foi definido.
[2021/1/5:15h35m][INFO][src.modulo.problemas_fechados.ProblemaFechado]	- Atritubo [EnumAtributo.OTIMIZACAO_TYPE] definico como [IDLHC]
[2021/1/5:15h35m][INFO][src.modulo.problemas_fechados.ProblemaFechado]	- Atritubo [EnumAtributo.PATH_RESULTADO] definico como [resultado/iteracao_{}]
[2021/1/5:15h35m][INFO][src.modulo.problemas_fechados.ProblemaFechado]	- Atritubo [EnumAtributo.AVALIACAO_TYPE] definico como [SPHERE]
[2021/1/5:15h35m][INFO][src.modulo.problemas_fechados.ProblemaFechado]	- Atritubo [EnumAtributo.PATH_PROJETO] definico como [/media/beldroega/DATA/SIDRAT/TARDIS]
[2021/1/5:15h35m][INFO][src.modulo.problemas_fechados.ProblemaFechado]	- Atritubo [EnumAtributo.PATH_RESULTADO] definico como [resultado/iteracao_{}]
[2021/1/5:15h35m][INFO][src.modulo.sorteio.Sorteio]	- Carregando o src.modulo.sorteio.Sorteio
[2021/1/5:15h35m][INFO][src.modulo.sorteio.Sorteio]	- O modulo de sorteio [HLDG] foi definido.
[2021/1/5:15h35m][INFO][src.modulo.sorteio.Sorteio]	- Atritubo [EnumAtributo.PATH_PROJETO] definico como [/media/beldroega/DATA/SIDRAT/TARDIS]
[2021/1/5:15h35m][INFO][src.modulo.avaliacao.Avaliador]	- Carregando o src.modulo.avaliacao.Avaliador
[2021/1/5:15h35m][INFO][src.modulo.avaliacao.Avaliador]	- O modulo de inicialização [SPHERE] foi definido.
[2021/1/5:15h35m][INFO][src.modulo.avaliacao.Avaliador]	- Atritubo [EnumAtributo.AVALIACAO_TYPE] definico como [SPHERE]
[2021/1/5:15h35m][INFO][src.modulo.avaliacao.Avaliador]	- Atritubo [EnumAtributo.PATH_PROJETO] definico como [/media/beldroega/DATA/SIDRAT/TARDIS]
[2021/1/5:15h35m][INFO][src.modulo.avaliacao.Avaliador]	- Atritubo [EnumAtributo.AVALIACAO_TYPE] definico como [SPHERE]
[2021/1/5:15h35m][INFO][src.modulo.avaliacao.Avaliador]	- Atritubo [EnumAtributo.AVALIACAO_TYPE] definico como [SPHERE]
[2021/1/5:15h35m][INFO][src.modulo.reducao.Redutor]	- Carregando o src.modulo.reducao.Redutor
[2021/1/5:15h35m][INFO][src.modulo.reducao.Redutor]	- Atritubo [EnumAtributo.AVALIACAO_TYPE] definico como [SPHERE]
[2021/1/5:15h35m][INFO][src.modulo.reducao.Redutor]	- Atritubo [EnumAtributo.PATH_PROJETO] definico como [/media/beldroega/DATA/SIDRAT/TARDIS]
[2021/1/5:15h35m][INFO][src.modulo.criterio_parada.CriterioParada]	- Carregando o src.modulo.criterio_parada.CriterioParada
[2021/1/5:15h35m][INFO][src.modulo.criterio_parada.CriterioParada]	- Atritubo [EnumAtributo.PATH_PROJETO] definico como [/media/beldroega/DATA/SIDRAT/TARDIS]
[2021/1/5:15h35m][INFO][src.modulo.criterio_parada.CriterioParada]	- Atritubo [EnumAtributo.CRITERIO_PARADA_SIMULACOES_MAX] definico como [2000]
[2021/1/5:15h35m][INFO][src.modulo.otimizacao.Otimizador]	- Carregando o src.modulo.otimizacao.Otimizador
[2021/1/5:15h35m][INFO][src.modulo.otimizacao.Otimizador]	- O modulo de otimizacao [IDLHC] foi definido.
[2021/1/5:15h35m][INFO][src.modulo.otimizacao.Otimizador]	- Atritubo [EnumAtributo.OTIMIZACAO_TYPE] definico como [IDLHC]
[2021/1/5:15h35m][INFO][src.modulo.otimizacao.Otimizador]	- Atritubo [EnumAtributo.PATH_RESULTADO] definico como [resultado/iteracao_{}]
[2021/1/5:15h35m][INFO][src.modulo.otimizacao.Otimizador]	- Atritubo [EnumAtributo.AVALIACAO_TYPE] definico como [SPHERE]
[2021/1/5:15h35m][INFO][src.modulo.otimizacao.Otimizador]	- Atritubo [EnumAtributo.INICIALIZACAO_DOMINIO] definico como [../base/dominio.csv]
[2021/1/5:15h35m][INFO][src.modulo.otimizacao.Otimizador]	- Atritubo [EnumAtributo.PATH_PROJETO] definico como [/media/beldroega/DATA/SIDRAT/TARDIS]
[2021/1/5:15h35m][INFO][src.modulo.otimizacao.Otimizador]	- Atritubo [EnumAtributo.INICIALIZACAO_DOMINIO] definico como [../base/dominio.csv]
[2021/1/5:15h35m][INFO][src.modulo.otimizacao.Otimizador]	- Atritubo [EnumAtributo.OTIMIZACAO_IDLHC_AMOSTRAS_ITERACAO] definico como [100]
[2021/1/5:15h35m][INFO][src.modulo.otimizacao.Otimizador]	- Atritubo [EnumAtributo.OTIMIZACAO_IDLHC_AMOSTRAS_PDF] definico como [20]
[2021/1/5:15h35m][INFO][src.modulo.otimizacao.Otimizador]	- Atritubo [EnumAtributo.PATH_RESULTADO] definico como [resultado/iteracao_{}]
[2021/1/5:15h35m][INFO][src.modulo.otimizacao.Otimizador]	- Atritubo [EnumAtributo.OTIMIZACAO_TYPE] definico como [IDLHC]
[2021/1/5:15h35m][INFO][src.loggin.Loggin]	- Quantilidade de solucao = 0
[2021/1/5:15h35m][INFO][src.loggin.Loggin]	- Memoria usada [88Mb]
[2021/1/5:16h12m][INFO][src.carregamento.Carregamento]	- [INICIO_TARDIS] - Iniciando Carregamento.
[2021/1/5:16h12m][INFO][src.contexto.Contexto]	- Gravado no contexto chave[PATH_PROJETO]	valor[['/media/beldroega/DATA/SIDRAT/TARDIS']]
[2021/1/5:16h12m][INFO][src.contexto.Contexto]	- Gravado no contexto chave[PATH_CONFIGURACAO]	valor[['/media/beldroega/DATA/SIDRAT/TARDIS/base/configuracao.config']]
[2021/1/5:16h12m][INFO][src.contexto.Contexto]	- Gravado no contexto chave[PATH_LOG]	valor[['/media/beldroega/DATA/SIDRAT/TARDIS/log.out']]
[2021/1/5:16h12m][INFO][src.contexto.Contexto]	- Gravado no contexto chave[MODULE]	valor[['OTIMIZACAO']]
[2021/1/5:16h12m][INFO][src.contexto.Contexto]	- Gravado no contexto chave[MODULE]	valor[['OTIMIZACAO', 'INICIALIZACAO']]
[2021/1/5:16h12m][INFO][src.contexto.Contexto]	- Gravado no contexto chave[MODULE]	valor[['OTIMIZACAO', 'INICIALIZACAO', 'REDUCAO']]
[2021/1/5:16h12m][INFO][src.contexto.Contexto]	- Gravado no contexto chave[MODULE]	valor[['OTIMIZACAO', 'INICIALIZACAO', 'REDUCAO', 'AVALIACAO']]
[2021/1/5:16h12m][INFO][src.contexto.Contexto]	- Gravado no contexto chave[MODULE]	valor[['OTIMIZACAO', 'INICIALIZACAO', 'REDUCAO', 'AVALIACAO', 'CRITERIOPARADA']]
[2021/1/5:16h12m][INFO][src.contexto.Contexto]	- Gravado no contexto chave[MODULE]	valor[['OTIMIZACAO', 'INICIALIZACAO', 'REDUCAO', 'AVALIACAO', 'CRITERIOPARADA', 'SORTEIO']]
[2021/1/5:16h12m][INFO][src.contexto.Contexto]	- Gravado no contexto chave[MODULE]	valor[['OTIMIZACAO', 'INICIALIZACAO', 'REDUCAO', 'AVALIACAO', 'CRITERIOPARADA', 'SORTEIO', 'PROBLEMA_FECHADO']]
[2021/1/5:16h12m][INFO][src.contexto.Contexto]	- Gravado no contexto chave[SIMULADOR_NOME]	valor[['IMEX']]
[2021/1/5:16h12m][INFO][src.contexto.Contexto]	- Gravado no contexto chave[SIMULADOR_VERSAO]	valor[['2017.10']]
[2021/1/5:16h12m][INFO][src.contexto.Contexto]	- Gravado no contexto chave[PATH_SIMULACAO]	valor[['simulacao']]
[2021/1/5:16h12m][INFO][src.contexto.Contexto]	- Gravado no contexto chave[PATH_RESULTADO]	valor[['resultado/iteracao_{}']]
[2021/1/5:16h12m][INFO][src.contexto.Contexto]	- Gravado no contexto chave[INICIALIZACAO_TYPE]	valor[['DEFAULT']]
[2021/1/5:16h12m][INFO][src.contexto.Contexto]	- Gravado no contexto chave[INICIALIZACAO_DOMINIO]	valor[['../base/dominio.csv']]
[2021/1/5:16h12m][INFO][src.contexto.Contexto]	- Gravado no contexto chave[INICIALIZACAO_SIMULA_BASE]	valor[[False]]
[2021/1/5:16h12m][INFO][src.contexto.Contexto]	- Gravado no contexto chave[INICIALIZACAO_RESUME_PATH]	valor[['resultado/iteracao_.rst']]
[2021/1/5:16h12m][INFO][src.contexto.Contexto]	- Gravado no contexto chave[OTIMIZACAO_TYPE]	valor[['IDLHC']]
[2021/1/5:16h12m][INFO][src.contexto.Contexto]	- Gravado no contexto chave[OTIMIZACAO_IDLHC_AMOSTRAS_ITERACAO]	valor[[100]]
[2021/1/5:16h12m][INFO][src.contexto.Contexto]	- Gravado no contexto chave[OTIMIZACAO_IDLHC_AMOSTRAS_PDF]	valor[[20]]
[2021/1/5:16h12m][INFO][src.contexto.Contexto]	- Gravado no contexto chave[AVALIACAO_TYPE]	valor[['SPHERE']]
[2021/1/5:16h12m][INFO][src.contexto.Contexto]	- Gravado no contexto chave[AVALIACAO_PATH_MELHORES]	valor[['MELHORES']]
[2021/1/5:16h12m][INFO][src.contexto.Contexto]	- Gravado no contexto chave[AVALIACAO_MELHORES_QTD_SALVAR]	valor[[5]]
[2021/1/5:16h12m][INFO][src.contexto.Contexto]	- Gravado no contexto chave[AVALIACAO_DIRECAO_OF]	valor[['MAX SPHERE']]
[2021/1/5:16h12m][INFO][src.contexto.Contexto]	- Gravado no contexto chave[AVALIACAO_MERO_EXECUTAVEL]	valor[['C:\\\\PROGRA~1\\\\UNISIM\\\\MERO\\\\2020.4.0\\\\cli\\\\meroc']]
[2021/1/5:16h12m][INFO][src.contexto.Contexto]	- Gravado no contexto chave[AVALIACAO_MERO_ECO_REFERENCE_DATE]	valor[['28/02/2018']]
[2021/1/5:16h12m][INFO][src.contexto.Contexto]	- Gravado no contexto chave[AVALIACAO_MERO_UNIMAP_PATH]	valor[['..\\\\base\\\\U2DBO_IM80.unimap']]
[2021/1/5:16h12m][INFO][src.contexto.Contexto]	- Gravado no contexto chave[AVALIACAO_MERO_UNIECO_PATH]	valor[['..\\\\base\\\\U1D-CONCESSION_SYSTEM_IW.unieco#1']]
[2021/1/5:16h12m][INFO][src.contexto.Contexto]	- Gravado no contexto chave[AVALIACAO_MERO_GEVT_TEMPLATE]	valor[['..\\\\base\\\\gevt.mero#..\\\\base\\\\U2DBO_IM80_E0_WAG_IW.tpl#1']]
[2021/1/5:16h12m][INFO][src.contexto.Contexto]	- Gravado no contexto chave[AVALIACAO_MERO_TEMPO_MAX_SIM]	valor[[24]]
[2021/1/5:16h12m][INFO][src.contexto.Contexto]	- Gravado no contexto chave[CRITERIO_PARADA]	valor[['SIMULACOES_MAX']]
[2021/1/5:16h12m][INFO][src.contexto.Contexto]	- Gravado no contexto chave[CRITERIO_PARADA_SIMULACOES_MAX]	valor[[2000]]
[2021/1/5:16h12m][INFO][src.contexto.Contexto]	- Gravado no contexto chave[AVALIACAO_QUALIFICADOR]	valor[['TOTAL']]
[2021/1/5:16h12m][INFO][src.contexto.Contexto]	- Gravado no contexto chave[AVALIACAO_MERO_GEVTS_TEMPLATES_EXECUTAR]	valor[[{'gevt_U2DBO_IM80_E0_WAG_IW': {'gevt_path': '../base/gevt.mero', 'gevt_file_name': 'gevt', 'template_path': '../base/U2DBO_IM80_E0_WAG_IW.tpl', 'template_file_name': 'U2DBO_IM80_E0_WAG_IW', 'template_prob': 1}}]]
[2021/1/5:16h12m][INFO][src.contexto.Contexto]	- Gravado no contexto chave[AVALIACAO_MERO_UNIECOS_EXECUTAR]	valor[{'': {'unieco_path': '..\\\\base\\\\U1D-CONCESSION_SYSTEM_IW.unieco', 'unieco_file_name': '', 'unieco_prob': '1'}}]
[2021/1/5:16h12m][INFO][src.contexto.Contexto]	- Gravado no contexto chave[SORTEIO_TYPE]	valor[['HLDG']]
[2021/1/5:16h12m][INFO][src.contexto.Contexto]	- RANDOM_SEED [1609873961]
[2021/1/5:16h12m][INFO][src.contexto.Contexto]	- Gravado no contexto chave[RANDOM_SEED]	valor[[1609873961]]
[2021/1/5:16h12m][INFO][src.contexto.Contexto]	- Gravado no contexto chave[SORTEIO_SOLUCOES_NOVAS]	valor[[None]]
[2021/1/5:16h12m][INFO][src.contexto.Contexto]	- Gravado no contexto chave[INTERNO_CRITERIO_PARADA_QTD_SOLUCAO_NOVA]	valor[[0]]
[2021/1/5:16h12m][INFO][src.contexto.Contexto]	- Gravado no contexto chave[VISUALIZACAO_TYPE]	valor[[<EnumValues.EXECUCAO: 46>]]
[2021/1/5:16h12m][INFO][src.contexto.Contexto]	- Gravado no contexto chave[AVALIACAO_OF_NOME_MONO]	valor[['SPHERE']]
[2021/1/5:16h12m][INFO][src.contexto.Contexto]	- Gravado no contexto chave[AVALIACAO_NOMES_DIRECOES_OFS]	valor[{'SPHERE': {'DIRECAO': 'MAX', 'OF': 'SPHERE'}}]
[2021/1/5:16h12m][INFO][src.contexto.Contexto]	- Gravado no contexto chave[AVALIACAO_DIRECAO_OF]	valor[['MAX SPHERE']]
[2021/1/5:16h12m][INFO][src.contexto.Contexto]	- Gravado no contexto chave[AVALIACAO_MERO_DS_PARAMS]	valor[['-l INFO -t hpc01 -s TORQUE -p 8 -n 1 -q normal --no-wait']]
[2021/1/5:16h12m][INFO][src.contexto.Contexto]	- Gravado no contexto chave[OTIMIZACAO_MCC_ORDEM_VARIAVEL_ALEATORIA]	valor[[False]]
[2021/1/5:16h12m][INFO][src.carregamento.Carregamento]	- Executando o src.carregamento.Carregamento
[2021/1/5:16h12m][INFO][src.modulo.inicializacao.Inicializador]	- Carregando o src.modulo.inicializacao.Inicializador
[2021/1/5:16h12m][INFO][src.modulo.inicializacao.Inicializador]	- O modulo de inicialização [DEFAULT] foi definido.
[2021/1/5:16h12m][INFO][src.modulo.inicializacao.Inicializador]	- Atritubo [EnumAtributo.INICIALIZACAO_TYPE] definico como [DEFAULT]
[2021/1/5:16h12m][INFO][src.modulo.inicializacao.Inicializador]	- Atritubo [EnumAtributo.PATH_PROJETO] definico como [/media/beldroega/DATA/SIDRAT/TARDIS]
[2021/1/5:16h12m][INFO][src.modulo.inicializacao.Inicializador]	- Atritubo [EnumAtributo.INICIALIZACAO_DOMINIO] definico como [../base/dominio.csv]
[2021/1/5:16h13m][INFO][src.carregamento.Carregamento]	- [INICIO_TARDIS] - Iniciando Carregamento.
[2021/1/5:16h13m][INFO][src.contexto.Contexto]	- Gravado no contexto chave[PATH_PROJETO]	valor[['/media/beldroega/DATA/SIDRAT/TARDIS']]
[2021/1/5:16h13m][INFO][src.contexto.Contexto]	- Gravado no contexto chave[PATH_CONFIGURACAO]	valor[['/media/beldroega/DATA/SIDRAT/TARDIS/base/configuracao.config']]
[2021/1/5:16h13m][INFO][src.contexto.Contexto]	- Gravado no contexto chave[PATH_LOG]	valor[['/media/beldroega/DATA/SIDRAT/TARDIS/log.out']]
[2021/1/5:16h13m][INFO][src.contexto.Contexto]	- Gravado no contexto chave[MODULE]	valor[['OTIMIZACAO']]
[2021/1/5:16h13m][INFO][src.contexto.Contexto]	- Gravado no contexto chave[MODULE]	valor[['OTIMIZACAO', 'INICIALIZACAO']]
[2021/1/5:16h13m][INFO][src.contexto.Contexto]	- Gravado no contexto chave[MODULE]	valor[['OTIMIZACAO', 'INICIALIZACAO', 'REDUCAO']]
[2021/1/5:16h13m][INFO][src.contexto.Contexto]	- Gravado no contexto chave[MODULE]	valor[['OTIMIZACAO', 'INICIALIZACAO', 'REDUCAO', 'AVALIACAO']]
[2021/1/5:16h13m][INFO][src.contexto.Contexto]	- Gravado no contexto chave[MODULE]	valor[['OTIMIZACAO', 'INICIALIZACAO', 'REDUCAO', 'AVALIACAO', 'CRITERIOPARADA']]
[2021/1/5:16h13m][INFO][src.contexto.Contexto]	- Gravado no contexto chave[MODULE]	valor[['OTIMIZACAO', 'INICIALIZACAO', 'REDUCAO', 'AVALIACAO', 'CRITERIOPARADA', 'SORTEIO']]
[2021/1/5:16h13m][INFO][src.contexto.Contexto]	- Gravado no contexto chave[MODULE]	valor[['OTIMIZACAO', 'INICIALIZACAO', 'REDUCAO', 'AVALIACAO', 'CRITERIOPARADA', 'SORTEIO', 'PROBLEMA_FECHADO']]
[2021/1/5:16h13m][INFO][src.contexto.Contexto]	- Gravado no contexto chave[SIMULADOR_NOME]	valor[['IMEX']]
[2021/1/5:16h13m][INFO][src.contexto.Contexto]	- Gravado no contexto chave[SIMULADOR_VERSAO]	valor[['2017.10']]
[2021/1/5:16h13m][INFO][src.contexto.Contexto]	- Gravado no contexto chave[PATH_SIMULACAO]	valor[['simulacao']]
[2021/1/5:16h13m][INFO][src.contexto.Contexto]	- Gravado no contexto chave[PATH_RESULTADO]	valor[['resultado/iteracao_{}']]
[2021/1/5:16h13m][INFO][src.contexto.Contexto]	- Gravado no contexto chave[INICIALIZACAO_TYPE]	valor[['DEFAULT']]
[2021/1/5:16h13m][INFO][src.contexto.Contexto]	- Gravado no contexto chave[INICIALIZACAO_DOMINIO]	valor[['../base/dominio.csv']]
[2021/1/5:16h13m][INFO][src.contexto.Contexto]	- Gravado no contexto chave[INICIALIZACAO_SIMULA_BASE]	valor[[False]]
[2021/1/5:16h13m][INFO][src.contexto.Contexto]	- Gravado no contexto chave[INICIALIZACAO_RESUME_PATH]	valor[['resultado/iteracao_.rst']]
[2021/1/5:16h13m][INFO][src.contexto.Contexto]	- Gravado no contexto chave[OTIMIZACAO_TYPE]	valor[['IDLHC']]
[2021/1/5:16h13m][INFO][src.contexto.Contexto]	- Gravado no contexto chave[OTIMIZACAO_IDLHC_AMOSTRAS_ITERACAO]	valor[[100]]
[2021/1/5:16h13m][INFO][src.contexto.Contexto]	- Gravado no contexto chave[OTIMIZACAO_IDLHC_AMOSTRAS_PDF]	valor[[20]]
[2021/1/5:16h13m][INFO][src.contexto.Contexto]	- Gravado no contexto chave[AVALIACAO_TYPE]	valor[['SPHERE']]
[2021/1/5:16h13m][INFO][src.contexto.Contexto]	- Gravado no contexto chave[AVALIACAO_PATH_MELHORES]	valor[['MELHORES']]
[2021/1/5:16h13m][INFO][src.contexto.Contexto]	- Gravado no contexto chave[AVALIACAO_MELHORES_QTD_SALVAR]	valor[[5]]
[2021/1/5:16h13m][INFO][src.contexto.Contexto]	- Gravado no contexto chave[AVALIACAO_DIRECAO_OF]	valor[['MAX SPHERE']]
[2021/1/5:16h13m][INFO][src.contexto.Contexto]	- Gravado no contexto chave[AVALIACAO_MERO_EXECUTAVEL]	valor[['C:\\\\PROGRA~1\\\\UNISIM\\\\MERO\\\\2020.4.0\\\\cli\\\\meroc']]
[2021/1/5:16h13m][INFO][src.contexto.Contexto]	- Gravado no contexto chave[AVALIACAO_MERO_ECO_REFERENCE_DATE]	valor[['28/02/2018']]
[2021/1/5:16h13m][INFO][src.contexto.Contexto]	- Gravado no contexto chave[AVALIACAO_MERO_UNIMAP_PATH]	valor[['..\\\\base\\\\U2DBO_IM80.unimap']]
[2021/1/5:16h13m][INFO][src.contexto.Contexto]	- Gravado no contexto chave[AVALIACAO_MERO_UNIECO_PATH]	valor[['..\\\\base\\\\U1D-CONCESSION_SYSTEM_IW.unieco#1']]
[2021/1/5:16h13m][INFO][src.contexto.Contexto]	- Gravado no contexto chave[AVALIACAO_MERO_GEVT_TEMPLATE]	valor[['..\\\\base\\\\gevt.mero#..\\\\base\\\\U2DBO_IM80_E0_WAG_IW.tpl#1']]
[2021/1/5:16h13m][INFO][src.contexto.Contexto]	- Gravado no contexto chave[AVALIACAO_MERO_TEMPO_MAX_SIM]	valor[[24]]
[2021/1/5:16h13m][INFO][src.contexto.Contexto]	- Gravado no contexto chave[CRITERIO_PARADA]	valor[['SIMULACOES_MAX']]
[2021/1/5:16h13m][INFO][src.contexto.Contexto]	- Gravado no contexto chave[CRITERIO_PARADA_SIMULACOES_MAX]	valor[[2000]]
[2021/1/5:16h13m][INFO][src.contexto.Contexto]	- Gravado no contexto chave[AVALIACAO_QUALIFICADOR]	valor[['TOTAL']]
[2021/1/5:16h13m][INFO][src.contexto.Contexto]	- Gravado no contexto chave[AVALIACAO_MERO_GEVTS_TEMPLATES_EXECUTAR]	valor[[{'gevt_U2DBO_IM80_E0_WAG_IW': {'gevt_path': '../base/gevt.mero', 'gevt_file_name': 'gevt', 'template_path': '../base/U2DBO_IM80_E0_WAG_IW.tpl', 'template_file_name': 'U2DBO_IM80_E0_WAG_IW', 'template_prob': 1}}]]
[2021/1/5:16h13m][INFO][src.contexto.Contexto]	- Gravado no contexto chave[AVALIACAO_MERO_UNIECOS_EXECUTAR]	valor[{'': {'unieco_path': '..\\\\base\\\\U1D-CONCESSION_SYSTEM_IW.unieco', 'unieco_file_name': '', 'unieco_prob': '1'}}]
[2021/1/5:16h13m][INFO][src.contexto.Contexto]	- Gravado no contexto chave[SORTEIO_TYPE]	valor[['HLDG']]
[2021/1/5:16h13m][INFO][src.contexto.Contexto]	- RANDOM_SEED [1609874030]
[2021/1/5:16h13m][INFO][src.contexto.Contexto]	- Gravado no contexto chave[RANDOM_SEED]	valor[[1609874030]]
[2021/1/5:16h13m][INFO][src.contexto.Contexto]	- Gravado no contexto chave[SORTEIO_SOLUCOES_NOVAS]	valor[[None]]
[2021/1/5:16h13m][INFO][src.contexto.Contexto]	- Gravado no contexto chave[INTERNO_CRITERIO_PARADA_QTD_SOLUCAO_NOVA]	valor[[0]]
[2021/1/5:16h13m][INFO][src.contexto.Contexto]	- Gravado no contexto chave[VISUALIZACAO_TYPE]	valor[[<EnumValues.EXECUCAO: 46>]]
[2021/1/5:16h13m][INFO][src.contexto.Contexto]	- Gravado no contexto chave[AVALIACAO_OF_NOME_MONO]	valor[['SPHERE']]
[2021/1/5:16h13m][INFO][src.contexto.Contexto]	- Gravado no contexto chave[AVALIACAO_NOMES_DIRECOES_OFS]	valor[{'SPHERE': {'DIRECAO': 'MAX', 'OF': 'SPHERE'}}]
[2021/1/5:16h13m][INFO][src.contexto.Contexto]	- Gravado no contexto chave[AVALIACAO_DIRECAO_OF]	valor[['MAX SPHERE']]
[2021/1/5:16h13m][INFO][src.contexto.Contexto]	- Gravado no contexto chave[AVALIACAO_MERO_DS_PARAMS]	valor[['-l INFO -t hpc01 -s TORQUE -p 8 -n 1 -q normal --no-wait']]
[2021/1/5:16h13m][INFO][src.contexto.Contexto]	- Gravado no contexto chave[OTIMIZACAO_MCC_ORDEM_VARIAVEL_ALEATORIA]	valor[[False]]
[2021/1/5:16h13m][INFO][src.carregamento.Carregamento]	- Executando o src.carregamento.Carregamento
[2021/1/5:16h13m][INFO][src.modulo.inicializacao.Inicializador]	- Carregando o src.modulo.inicializacao.Inicializador
[2021/1/5:16h13m][INFO][src.modulo.inicializacao.Inicializador]	- O modulo de inicialização [DEFAULT] foi definido.
[2021/1/5:16h13m][INFO][src.modulo.inicializacao.Inicializador]	- Atritubo [EnumAtributo.INICIALIZACAO_TYPE] definico como [DEFAULT]
[2021/1/5:16h13m][INFO][src.modulo.inicializacao.Inicializador]	- Atritubo [EnumAtributo.PATH_PROJETO] definico como [/media/beldroega/DATA/SIDRAT/TARDIS]
[2021/1/5:16h13m][INFO][src.modulo.inicializacao.Inicializador]	- Atritubo [EnumAtributo.INICIALIZACAO_DOMINIO] definico como [../base/dominio.csv]
[2021/1/5:16h14m][INFO][src.carregamento.Carregamento] - [INICIO_TARDIS] - Iniciando Carregamento.
[2021/1/5:16h14m][INFO][src.contexto.Contexto] - Gravado no contexto chave[PATH_PROJETO]	valor[['/media/beldroega/DATA/SIDRAT/TARDIS']]
[2021/1/5:16h14m][INFO][src.contexto.Contexto] - Gravado no contexto chave[PATH_CONFIGURACAO]	valor[['/media/beldroega/DATA/SIDRAT/TARDIS/base/configuracao.config']]
[2021/1/5:16h14m][INFO][src.contexto.Contexto] - Gravado no contexto chave[PATH_LOG]	valor[['/media/beldroega/DATA/SIDRAT/TARDIS/log.out']]
[2021/1/5:16h14m][INFO][src.contexto.Contexto] - Gravado no contexto chave[MODULE]	valor[['OTIMIZACAO']]
[2021/1/5:16h14m][INFO][src.contexto.Contexto] - Gravado no contexto chave[MODULE]	valor[['OTIMIZACAO', 'INICIALIZACAO']]
[2021/1/5:16h14m][INFO][src.contexto.Contexto] - Gravado no contexto chave[MODULE]	valor[['OTIMIZACAO', 'INICIALIZACAO', 'REDUCAO']]
[2021/1/5:16h14m][INFO][src.contexto.Contexto] - Gravado no contexto chave[MODULE]	valor[['OTIMIZACAO', 'INICIALIZACAO', 'REDUCAO', 'AVALIACAO']]
[2021/1/5:16h14m][INFO][src.contexto.Contexto] - Gravado no contexto chave[MODULE]	valor[['OTIMIZACAO', 'INICIALIZACAO', 'REDUCAO', 'AVALIACAO', 'CRITERIOPARADA']]
[2021/1/5:16h14m][INFO][src.contexto.Contexto] - Gravado no contexto chave[MODULE]	valor[['OTIMIZACAO', 'INICIALIZACAO', 'REDUCAO', 'AVALIACAO', 'CRITERIOPARADA', 'SORTEIO']]
[2021/1/5:16h14m][INFO][src.contexto.Contexto] - Gravado no contexto chave[MODULE]	valor[['OTIMIZACAO', 'INICIALIZACAO', 'REDUCAO', 'AVALIACAO', 'CRITERIOPARADA', 'SORTEIO', 'PROBLEMA_FECHADO']]
[2021/1/5:16h14m][INFO][src.contexto.Contexto] - Gravado no contexto chave[SIMULADOR_NOME]	valor[['IMEX']]
[2021/1/5:16h14m][INFO][src.contexto.Contexto] - Gravado no contexto chave[SIMULADOR_VERSAO]	valor[['2017.10']]
[2021/1/5:16h14m][INFO][src.contexto.Contexto] - Gravado no contexto chave[PATH_SIMULACAO]	valor[['simulacao']]
[2021/1/5:16h14m][INFO][src.contexto.Contexto] - Gravado no contexto chave[PATH_RESULTADO]	valor[['resultado/iteracao_{}']]
[2021/1/5:16h14m][INFO][src.contexto.Contexto] - Gravado no contexto chave[INICIALIZACAO_TYPE]	valor[['DEFAULT']]
[2021/1/5:16h14m][INFO][src.contexto.Contexto] - Gravado no contexto chave[INICIALIZACAO_DOMINIO]	valor[['../base/dominio.csv']]
[2021/1/5:16h14m][INFO][src.contexto.Contexto] - Gravado no contexto chave[INICIALIZACAO_SIMULA_BASE]	valor[[False]]
[2021/1/5:16h14m][INFO][src.contexto.Contexto] - Gravado no contexto chave[INICIALIZACAO_RESUME_PATH]	valor[['resultado/iteracao_.rst']]
[2021/1/5:16h14m][INFO][src.contexto.Contexto] - Gravado no contexto chave[OTIMIZACAO_TYPE]	valor[['IDLHC']]
[2021/1/5:16h14m][INFO][src.contexto.Contexto] - Gravado no contexto chave[OTIMIZACAO_IDLHC_AMOSTRAS_ITERACAO]	valor[[100]]
[2021/1/5:16h14m][INFO][src.contexto.Contexto] - Gravado no contexto chave[OTIMIZACAO_IDLHC_AMOSTRAS_PDF]	valor[[20]]
[2021/1/5:16h14m][INFO][src.contexto.Contexto] - Gravado no contexto chave[AVALIACAO_TYPE]	valor[['SPHERE']]
[2021/1/5:16h14m][INFO][src.contexto.Contexto] - Gravado no contexto chave[AVALIACAO_PATH_MELHORES]	valor[['MELHORES']]
[2021/1/5:16h14m][INFO][src.contexto.Contexto] - Gravado no contexto chave[AVALIACAO_MELHORES_QTD_SALVAR]	valor[[5]]
[2021/1/5:16h14m][INFO][src.contexto.Contexto] - Gravado no contexto chave[AVALIACAO_DIRECAO_OF]	valor[['MAX SPHERE']]
[2021/1/5:16h14m][INFO][src.contexto.Contexto] - Gravado no contexto chave[AVALIACAO_MERO_EXECUTAVEL]	valor[['C:\\\\PROGRA~1\\\\UNISIM\\\\MERO\\\\2020.4.0\\\\cli\\\\meroc']]
[2021/1/5:16h14m][INFO][src.contexto.Contexto] - Gravado no contexto chave[AVALIACAO_MERO_ECO_REFERENCE_DATE]	valor[['28/02/2018']]
[2021/1/5:16h14m][INFO][src.contexto.Contexto] - Gravado no contexto chave[AVALIACAO_MERO_UNIMAP_PATH]	valor[['..\\\\base\\\\U2DBO_IM80.unimap']]
[2021/1/5:16h14m][INFO][src.contexto.Contexto] - Gravado no contexto chave[AVALIACAO_MERO_UNIECO_PATH]	valor[['..\\\\base\\\\U1D-CONCESSION_SYSTEM_IW.unieco#1']]
[2021/1/5:16h14m][INFO][src.contexto.Contexto] - Gravado no contexto chave[AVALIACAO_MERO_GEVT_TEMPLATE]	valor[['..\\\\base\\\\gevt.mero#..\\\\base\\\\U2DBO_IM80_E0_WAG_IW.tpl#1']]
[2021/1/5:16h14m][INFO][src.contexto.Contexto] - Gravado no contexto chave[AVALIACAO_MERO_TEMPO_MAX_SIM]	valor[[24]]
[2021/1/5:16h14m][INFO][src.contexto.Contexto] - Gravado no contexto chave[CRITERIO_PARADA]	valor[['SIMULACOES_MAX']]
[2021/1/5:16h14m][INFO][src.contexto.Contexto] - Gravado no contexto chave[CRITERIO_PARADA_SIMULACOES_MAX]	valor[[2000]]
[2021/1/5:16h14m][INFO][src.contexto.Contexto] - Gravado no contexto chave[AVALIACAO_QUALIFICADOR]	valor[['TOTAL']]
[2021/1/5:16h14m][INFO][src.contexto.Contexto] - Gravado no contexto chave[AVALIACAO_MERO_GEVTS_TEMPLATES_EXECUTAR]	valor[[{'gevt_U2DBO_IM80_E0_WAG_IW': {'gevt_path': '../base/gevt.mero', 'gevt_file_name': 'gevt', 'template_path': '../base/U2DBO_IM80_E0_WAG_IW.tpl', 'template_file_name': 'U2DBO_IM80_E0_WAG_IW', 'template_prob': 1}}]]
[2021/1/5:16h14m][INFO][src.contexto.Contexto] - Gravado no contexto chave[AVALIACAO_MERO_UNIECOS_EXECUTAR]	valor[{'': {'unieco_path': '..\\\\base\\\\U1D-CONCESSION_SYSTEM_IW.unieco', 'unieco_file_name': '', 'unieco_prob': '1'}}]
[2021/1/5:16h14m][INFO][src.contexto.Contexto] - Gravado no contexto chave[SORTEIO_TYPE]	valor[['HLDG']]
[2021/1/5:16h14m][INFO][src.contexto.Contexto] - RANDOM_SEED [1609874068]
[2021/1/5:16h14m][INFO][src.contexto.Contexto] - Gravado no contexto chave[RANDOM_SEED]	valor[[1609874068]]
[2021/1/5:16h14m][INFO][src.contexto.Contexto] - Gravado no contexto chave[SORTEIO_SOLUCOES_NOVAS]	valor[[None]]
[2021/1/5:16h14m][INFO][src.contexto.Contexto] - Gravado no contexto chave[INTERNO_CRITERIO_PARADA_QTD_SOLUCAO_NOVA]	valor[[0]]
[2021/1/5:16h14m][INFO][src.contexto.Contexto] - Gravado no contexto chave[VISUALIZACAO_TYPE]	valor[[<EnumValues.EXECUCAO: 46>]]
[2021/1/5:16h14m][INFO][src.contexto.Contexto] - Gravado no contexto chave[AVALIACAO_OF_NOME_MONO]	valor[['SPHERE']]
[2021/1/5:16h14m][INFO][src.contexto.Contexto] - Gravado no contexto chave[AVALIACAO_NOMES_DIRECOES_OFS]	valor[{'SPHERE': {'DIRECAO': 'MAX', 'OF': 'SPHERE'}}]
[2021/1/5:16h14m][INFO][src.contexto.Contexto] - Gravado no contexto chave[AVALIACAO_DIRECAO_OF]	valor[['MAX SPHERE']]
[2021/1/5:16h14m][INFO][src.contexto.Contexto] - Gravado no contexto chave[AVALIACAO_MERO_DS_PARAMS]	valor[['-l INFO -t hpc01 -s TORQUE -p 8 -n 1 -q normal --no-wait']]
[2021/1/5:16h14m][INFO][src.contexto.Contexto] - Gravado no contexto chave[OTIMIZACAO_MCC_ORDEM_VARIAVEL_ALEATORIA]	valor[[False]]
[2021/1/5:16h14m][INFO][src.carregamento.Carregamento] - Executando o src.carregamento.Carregamento
[2021/1/5:16h14m][INFO][src.modulo.inicializacao.Inicializador] - Carregando o src.modulo.inicializacao.Inicializador
[2021/1/5:16h14m][INFO][src.modulo.inicializacao.Inicializador] - O modulo de inicialização [DEFAULT] foi definido.
[2021/1/5:16h14m][INFO][src.modulo.inicializacao.Inicializador] - Atritubo [EnumAtributo.INICIALIZACAO_TYPE] definico como [DEFAULT]
[2021/1/5:16h14m][INFO][src.modulo.inicializacao.Inicializador] - Atritubo [EnumAtributo.PATH_PROJETO] definico como [/media/beldroega/DATA/SIDRAT/TARDIS]
[2021/1/5:16h14m][INFO][src.modulo.inicializacao.Inicializador] - Atritubo [EnumAtributo.INICIALIZACAO_DOMINIO] definico como [../base/dominio.csv]
[2021/1/5:16h45m][INFO][src.carregamento.Carregamento] - [INICIO_TARDIS] - Iniciando Carregamento.
[2021/1/5:16h45m][INFO][src.contexto.Contexto] - Gravado no contexto chave[PATH_PROJETO]	valor[['/media/beldroega/DATA/SIDRAT/TARDIS']]
[2021/1/5:16h45m][INFO][src.contexto.Contexto] - Gravado no contexto chave[PATH_CONFIGURACAO]	valor[['/media/beldroega/DATA/SIDRAT/TARDIS/base/configuracao.config']]
[2021/1/5:16h45m][INFO][src.contexto.Contexto] - Gravado no contexto chave[PATH_LOG]	valor[['/media/beldroega/DATA/SIDRAT/TARDIS/log.out']]
[2021/1/5:16h45m][INFO][src.contexto.Contexto] - Gravado no contexto chave[MODULE]	valor[['OTIMIZACAO']]
[2021/1/5:16h45m][INFO][src.contexto.Contexto] - Gravado no contexto chave[MODULE]	valor[['OTIMIZACAO', 'INICIALIZACAO']]
[2021/1/5:16h45m][INFO][src.contexto.Contexto] - Gravado no contexto chave[MODULE]	valor[['OTIMIZACAO', 'INICIALIZACAO', 'REDUCAO']]
[2021/1/5:16h45m][INFO][src.contexto.Contexto] - Gravado no contexto chave[MODULE]	valor[['OTIMIZACAO', 'INICIALIZACAO', 'REDUCAO', 'AVALIACAO']]
[2021/1/5:16h45m][INFO][src.contexto.Contexto] - Gravado no contexto chave[MODULE]	valor[['OTIMIZACAO', 'INICIALIZACAO', 'REDUCAO', 'AVALIACAO', 'CRITERIOPARADA']]
[2021/1/5:16h45m][INFO][src.contexto.Contexto] - Gravado no contexto chave[MODULE]	valor[['OTIMIZACAO', 'INICIALIZACAO', 'REDUCAO', 'AVALIACAO', 'CRITERIOPARADA', 'SORTEIO']]
[2021/1/5:16h45m][INFO][src.contexto.Contexto] - Gravado no contexto chave[MODULE]	valor[['OTIMIZACAO', 'INICIALIZACAO', 'REDUCAO', 'AVALIACAO', 'CRITERIOPARADA', 'SORTEIO', 'PROBLEMA_FECHADO']]
[2021/1/5:16h45m][INFO][src.contexto.Contexto] - Gravado no contexto chave[SIMULADOR_NOME]	valor[['IMEX']]
[2021/1/5:16h45m][INFO][src.contexto.Contexto] - Gravado no contexto chave[SIMULADOR_VERSAO]	valor[['2017.10']]
[2021/1/5:16h45m][INFO][src.contexto.Contexto] - Gravado no contexto chave[PATH_SIMULACAO]	valor[['simulacao']]
[2021/1/5:16h45m][INFO][src.contexto.Contexto] - Gravado no contexto chave[PATH_RESULTADO]	valor[['resultado/iteracao_{}']]
[2021/1/5:16h45m][INFO][src.contexto.Contexto] - Gravado no contexto chave[INICIALIZACAO_TYPE]	valor[['DEFAULT']]
[2021/1/5:16h45m][INFO][src.contexto.Contexto] - Gravado no contexto chave[INICIALIZACAO_DOMINIO]	valor[['../base/dominio.csv']]
[2021/1/5:16h45m][INFO][src.contexto.Contexto] - Gravado no contexto chave[INICIALIZACAO_SIMULA_BASE]	valor[[False]]
[2021/1/5:16h45m][INFO][src.contexto.Contexto] - Gravado no contexto chave[INICIALIZACAO_RESUME_PATH]	valor[['resultado/iteracao_.rst']]
[2021/1/5:16h45m][INFO][src.contexto.Contexto] - Gravado no contexto chave[OTIMIZACAO_TYPE]	valor[['IDLHC']]
[2021/1/5:16h45m][INFO][src.contexto.Contexto] - Gravado no contexto chave[OTIMIZACAO_IDLHC_AMOSTRAS_ITERACAO]	valor[[100]]
[2021/1/5:16h45m][INFO][src.contexto.Contexto] - Gravado no contexto chave[OTIMIZACAO_IDLHC_AMOSTRAS_PDF]	valor[[20]]
[2021/1/5:16h45m][INFO][src.contexto.Contexto] - Gravado no contexto chave[AVALIACAO_TYPE]	valor[['SPHERE']]
[2021/1/5:16h45m][INFO][src.contexto.Contexto] - Gravado no contexto chave[AVALIACAO_PATH_MELHORES]	valor[['MELHORES']]
[2021/1/5:16h45m][INFO][src.contexto.Contexto] - Gravado no contexto chave[AVALIACAO_MELHORES_QTD_SALVAR]	valor[[5]]
[2021/1/5:16h45m][INFO][src.contexto.Contexto] - Gravado no contexto chave[AVALIACAO_DIRECAO_OF]	valor[['MAX SPHERE']]
[2021/1/5:16h45m][INFO][src.contexto.Contexto] - Gravado no contexto chave[AVALIACAO_MERO_EXECUTAVEL]	valor[['C:\\\\PROGRA~1\\\\UNISIM\\\\MERO\\\\2020.4.0\\\\cli\\\\meroc']]
[2021/1/5:16h45m][INFO][src.contexto.Contexto] - Gravado no contexto chave[AVALIACAO_MERO_ECO_REFERENCE_DATE]	valor[['28/02/2018']]
[2021/1/5:16h45m][INFO][src.contexto.Contexto] - Gravado no contexto chave[AVALIACAO_MERO_UNIMAP_PATH]	valor[['..\\\\base\\\\U2DBO_IM80.unimap']]
[2021/1/5:16h45m][INFO][src.contexto.Contexto] - Gravado no contexto chave[AVALIACAO_MERO_UNIECO_PATH]	valor[['..\\\\base\\\\U1D-CONCESSION_SYSTEM_IW.unieco#1']]
[2021/1/5:16h45m][INFO][src.contexto.Contexto] - Gravado no contexto chave[AVALIACAO_MERO_GEVT_TEMPLATE]	valor[['..\\\\base\\\\gevt.mero#..\\\\base\\\\U2DBO_IM80_E0_WAG_IW.tpl#1']]
[2021/1/5:16h45m][INFO][src.contexto.Contexto] - Gravado no contexto chave[AVALIACAO_MERO_TEMPO_MAX_SIM]	valor[[24]]
[2021/1/5:16h45m][INFO][src.contexto.Contexto] - Gravado no contexto chave[CRITERIO_PARADA]	valor[['SIMULACOES_MAX']]
[2021/1/5:16h45m][INFO][src.contexto.Contexto] - Gravado no contexto chave[CRITERIO_PARADA_SIMULACOES_MAX]	valor[[2000]]
[2021/1/5:16h45m][INFO][src.contexto.Contexto] - Gravado no contexto chave[AVALIACAO_QUALIFICADOR]	valor[['TOTAL']]
[2021/1/5:16h45m][INFO][src.contexto.Contexto] - Gravado no contexto chave[AVALIACAO_MERO_GEVTS_TEMPLATES_EXECUTAR]	valor[[{'gevt_U2DBO_IM80_E0_WAG_IW': {'gevt_path': '../base/gevt.mero', 'gevt_file_name': 'gevt', 'template_path': '../base/U2DBO_IM80_E0_WAG_IW.tpl', 'template_file_name': 'U2DBO_IM80_E0_WAG_IW', 'template_prob': 1}}]]
[2021/1/5:16h45m][INFO][src.contexto.Contexto] - Gravado no contexto chave[AVALIACAO_MERO_UNIECOS_EXECUTAR]	valor[{'': {'unieco_path': '..\\\\base\\\\U1D-CONCESSION_SYSTEM_IW.unieco', 'unieco_file_name': '', 'unieco_prob': '1'}}]
[2021/1/5:16h45m][INFO][src.contexto.Contexto] - Gravado no contexto chave[SORTEIO_TYPE]	valor[['HLDG']]
[2021/1/5:16h45m][INFO][src.contexto.Contexto] - RANDOM_SEED [1609875904]
[2021/1/5:16h45m][INFO][src.contexto.Contexto] - Gravado no contexto chave[RANDOM_SEED]	valor[[1609875904]]
[2021/1/5:16h45m][INFO][src.contexto.Contexto] - Gravado no contexto chave[SORTEIO_SOLUCOES_NOVAS]	valor[[None]]
[2021/1/5:16h45m][INFO][src.contexto.Contexto] - Gravado no contexto chave[INTERNO_CRITERIO_PARADA_QTD_SOLUCAO_NOVA]	valor[[0]]
[2021/1/5:16h45m][INFO][src.contexto.Contexto] - Gravado no contexto chave[VISUALIZACAO_TYPE]	valor[[<EnumValues.EXECUCAO: 46>]]
[2021/1/5:16h45m][INFO][src.contexto.Contexto] - Gravado no contexto chave[AVALIACAO_OF_NOME_MONO]	valor[['SPHERE']]
[2021/1/5:16h45m][INFO][src.contexto.Contexto] - Gravado no contexto chave[AVALIACAO_NOMES_DIRECOES_OFS]	valor[{'SPHERE': {'DIRECAO': 'MAX', 'OF': 'SPHERE'}}]
[2021/1/5:16h45m][INFO][src.contexto.Contexto] - Gravado no contexto chave[AVALIACAO_DIRECAO_OF]	valor[['MAX SPHERE']]
[2021/1/5:16h45m][INFO][src.contexto.Contexto] - Gravado no contexto chave[AVALIACAO_MERO_DS_PARAMS]	valor[['-l INFO -t hpc01 -s TORQUE -p 8 -n 1 -q normal --no-wait']]
[2021/1/5:16h45m][INFO][src.contexto.Contexto] - Gravado no contexto chave[OTIMIZACAO_MCC_ORDEM_VARIAVEL_ALEATORIA]	valor[[False]]
[2021/1/5:16h45m][INFO][src.carregamento.Carregamento] - Executando o src.carregamento.Carregamento
[2021/1/5:16h45m][INFO][src.modulo.inicializacao.Inicializador] - Carregando o src.modulo.inicializacao.Inicializador
[2021/1/5:16h45m][INFO][src.modulo.inicializacao.Inicializador] - O modulo de inicialização [DEFAULT] foi definido.
[2021/1/5:16h45m][INFO][src.modulo.inicializacao.Inicializador] - Atritubo [EnumAtributo.PATH_PROJETO] definico como [/media/beldroega/DATA/SIDRAT/TARDIS]
[2021/1/5:16h45m][INFO][src.modulo.inicializacao.Inicializador] - Atritubo [EnumAtributo.INICIALIZACAO_TYPE] definico como [DEFAULT]
[2021/1/5:16h45m][INFO][src.modulo.inicializacao.Inicializador] - Atritubo [EnumAtributo.INICIALIZACAO_DOMINIO] definico como [../base/dominio.csv]
[2021/1/5:16h50m][INFO][src.carregamento.Carregamento] - [INICIO_TARDIS] - Iniciando Carregamento.
[2021/1/5:16h50m][INFO][src.contexto.Contexto] - Gravado no contexto chave[PATH_PROJETO]	valor[['/media/beldroega/DATA/SIDRAT/TARDIS']]
[2021/1/5:16h50m][INFO][src.contexto.Contexto] - Gravado no contexto chave[PATH_CONFIGURACAO]	valor[['/media/beldroega/DATA/SIDRAT/TARDIS/base/configuracao.config']]
[2021/1/5:16h50m][INFO][src.contexto.Contexto] - Gravado no contexto chave[PATH_LOG]	valor[['/media/beldroega/DATA/SIDRAT/TARDIS/log.out']]
[2021/1/5:16h50m][INFO][src.contexto.Contexto] - Gravado no contexto chave[MODULE]	valor[['OTIMIZACAO']]
[2021/1/5:16h50m][INFO][src.contexto.Contexto] - Gravado no contexto chave[MODULE]	valor[['OTIMIZACAO', 'INICIALIZACAO']]
[2021/1/5:16h50m][INFO][src.contexto.Contexto] - Gravado no contexto chave[MODULE]	valor[['OTIMIZACAO', 'INICIALIZACAO', 'REDUCAO']]
[2021/1/5:16h50m][INFO][src.contexto.Contexto] - Gravado no contexto chave[MODULE]	valor[['OTIMIZACAO', 'INICIALIZACAO', 'REDUCAO', 'AVALIACAO']]
[2021/1/5:16h50m][INFO][src.contexto.Contexto] - Gravado no contexto chave[MODULE]	valor[['OTIMIZACAO', 'INICIALIZACAO', 'REDUCAO', 'AVALIACAO', 'CRITERIOPARADA']]
[2021/1/5:16h50m][INFO][src.contexto.Contexto] - Gravado no contexto chave[MODULE]	valor[['OTIMIZACAO', 'INICIALIZACAO', 'REDUCAO', 'AVALIACAO', 'CRITERIOPARADA', 'SORTEIO']]
[2021/1/5:16h50m][INFO][src.contexto.Contexto] - Gravado no contexto chave[MODULE]	valor[['OTIMIZACAO', 'INICIALIZACAO', 'REDUCAO', 'AVALIACAO', 'CRITERIOPARADA', 'SORTEIO', 'PROBLEMA_FECHADO']]
[2021/1/5:16h50m][INFO][src.contexto.Contexto] - Gravado no contexto chave[SIMULADOR_NOME]	valor[['IMEX']]
[2021/1/5:16h50m][INFO][src.contexto.Contexto] - Gravado no contexto chave[SIMULADOR_VERSAO]	valor[['2017.10']]
[2021/1/5:16h50m][INFO][src.contexto.Contexto] - Gravado no contexto chave[PATH_SIMULACAO]	valor[['simulacao']]
[2021/1/5:16h50m][INFO][src.contexto.Contexto] - Gravado no contexto chave[PATH_RESULTADO]	valor[['resultado/iteracao_{}']]
[2021/1/5:16h50m][INFO][src.contexto.Contexto] - Gravado no contexto chave[INICIALIZACAO_TYPE]	valor[['DEFAULT']]
[2021/1/5:16h50m][INFO][src.contexto.Contexto] - Gravado no contexto chave[INICIALIZACAO_DOMINIO]	valor[['../base/dominio.csv']]
[2021/1/5:16h50m][INFO][src.contexto.Contexto] - Gravado no contexto chave[INICIALIZACAO_SIMULA_BASE]	valor[[False]]
[2021/1/5:16h50m][INFO][src.contexto.Contexto] - Gravado no contexto chave[INICIALIZACAO_RESUME_PATH]	valor[['resultado/iteracao_.rst']]
[2021/1/5:16h50m][INFO][src.contexto.Contexto] - Gravado no contexto chave[OTIMIZACAO_TYPE]	valor[['IDLHC']]
[2021/1/5:16h50m][INFO][src.contexto.Contexto] - Gravado no contexto chave[OTIMIZACAO_IDLHC_AMOSTRAS_ITERACAO]	valor[[100]]
[2021/1/5:16h50m][INFO][src.contexto.Contexto] - Gravado no contexto chave[OTIMIZACAO_IDLHC_AMOSTRAS_PDF]	valor[[20]]
[2021/1/5:16h50m][INFO][src.contexto.Contexto] - Gravado no contexto chave[AVALIACAO_TYPE]	valor[['SPHERE']]
[2021/1/5:16h50m][INFO][src.contexto.Contexto] - Gravado no contexto chave[AVALIACAO_PATH_MELHORES]	valor[['MELHORES']]
[2021/1/5:16h50m][INFO][src.contexto.Contexto] - Gravado no contexto chave[AVALIACAO_MELHORES_QTD_SALVAR]	valor[[5]]
[2021/1/5:16h50m][INFO][src.contexto.Contexto] - Gravado no contexto chave[AVALIACAO_DIRECAO_OF]	valor[['MAX SPHERE']]
[2021/1/5:16h50m][INFO][src.contexto.Contexto] - Gravado no contexto chave[AVALIACAO_MERO_EXECUTAVEL]	valor[['C:\\\\PROGRA~1\\\\UNISIM\\\\MERO\\\\2020.4.0\\\\cli\\\\meroc']]
[2021/1/5:16h50m][INFO][src.contexto.Contexto] - Gravado no contexto chave[AVALIACAO_MERO_ECO_REFERENCE_DATE]	valor[['28/02/2018']]
[2021/1/5:16h50m][INFO][src.contexto.Contexto] - Gravado no contexto chave[AVALIACAO_MERO_UNIMAP_PATH]	valor[['..\\\\base\\\\U2DBO_IM80.unimap']]
[2021/1/5:16h50m][INFO][src.contexto.Contexto] - Gravado no contexto chave[AVALIACAO_MERO_UNIECO_PATH]	valor[['..\\\\base\\\\U1D-CONCESSION_SYSTEM_IW.unieco#1']]
[2021/1/5:16h50m][INFO][src.contexto.Contexto] - Gravado no contexto chave[AVALIACAO_MERO_GEVT_TEMPLATE]	valor[['..\\\\base\\\\gevt.mero#..\\\\base\\\\U2DBO_IM80_E0_WAG_IW.tpl#1']]
[2021/1/5:16h50m][INFO][src.contexto.Contexto] - Gravado no contexto chave[AVALIACAO_MERO_TEMPO_MAX_SIM]	valor[[24]]
[2021/1/5:16h50m][INFO][src.contexto.Contexto] - Gravado no contexto chave[CRITERIO_PARADA]	valor[['SIMULACOES_MAX']]
[2021/1/5:16h50m][INFO][src.contexto.Contexto] - Gravado no contexto chave[CRITERIO_PARADA_SIMULACOES_MAX]	valor[[2000]]
[2021/1/5:16h50m][INFO][src.contexto.Contexto] - Gravado no contexto chave[AVALIACAO_QUALIFICADOR]	valor[['TOTAL']]
[2021/1/5:16h50m][INFO][src.contexto.Contexto] - Gravado no contexto chave[AVALIACAO_MERO_GEVTS_TEMPLATES_EXECUTAR]	valor[[{'gevt_U2DBO_IM80_E0_WAG_IW': {'gevt_path': '../base/gevt.mero', 'gevt_file_name': 'gevt', 'template_path': '../base/U2DBO_IM80_E0_WAG_IW.tpl', 'template_file_name': 'U2DBO_IM80_E0_WAG_IW', 'template_prob': 1}}]]
[2021/1/5:16h50m][INFO][src.contexto.Contexto] - Gravado no contexto chave[AVALIACAO_MERO_UNIECOS_EXECUTAR]	valor[{'': {'unieco_path': '..\\\\base\\\\U1D-CONCESSION_SYSTEM_IW.unieco', 'unieco_file_name': '', 'unieco_prob': '1'}}]
[2021/1/5:16h50m][INFO][src.contexto.Contexto] - Gravado no contexto chave[SORTEIO_TYPE]	valor[['HLDG']]
[2021/1/5:16h50m][INFO][src.contexto.Contexto] - RANDOM_SEED [1609876219]
[2021/1/5:16h50m][INFO][src.contexto.Contexto] - Gravado no contexto chave[RANDOM_SEED]	valor[[1609876219]]
[2021/1/5:16h50m][INFO][src.contexto.Contexto] - Gravado no contexto chave[SORTEIO_SOLUCOES_NOVAS]	valor[[None]]
[2021/1/5:16h50m][INFO][src.contexto.Contexto] - Gravado no contexto chave[INTERNO_CRITERIO_PARADA_QTD_SOLUCAO_NOVA]	valor[[0]]
[2021/1/5:16h50m][INFO][src.contexto.Contexto] - Gravado no contexto chave[VISUALIZACAO_TYPE]	valor[[<EnumValues.EXECUCAO: 46>]]
[2021/1/5:16h50m][INFO][src.contexto.Contexto] - Gravado no contexto chave[AVALIACAO_OF_NOME_MONO]	valor[['SPHERE']]
[2021/1/5:16h50m][INFO][src.contexto.Contexto] - Gravado no contexto chave[AVALIACAO_NOMES_DIRECOES_OFS]	valor[{'SPHERE': {'DIRECAO': 'MAX', 'OF': 'SPHERE'}}]
[2021/1/5:16h50m][INFO][src.contexto.Contexto] - Gravado no contexto chave[AVALIACAO_DIRECAO_OF]	valor[['MAX SPHERE']]
[2021/1/5:16h50m][INFO][src.contexto.Contexto] - Gravado no contexto chave[AVALIACAO_MERO_DS_PARAMS]	valor[['-l INFO -t hpc01 -s TORQUE -p 8 -n 1 -q normal --no-wait']]
[2021/1/5:16h50m][INFO][src.contexto.Contexto] - Gravado no contexto chave[OTIMIZACAO_MCC_ORDEM_VARIAVEL_ALEATORIA]	valor[[False]]
[2021/1/5:16h50m][INFO][src.carregamento.Carregamento] - Executando o src.carregamento.Carregamento
[2021/1/5:16h50m][INFO][src.modulo.inicializacao.Inicializador] - Carregando o src.modulo.inicializacao.Inicializador
[2021/1/5:16h50m][INFO][src.modulo.inicializacao.Inicializador] - O modulo de inicialização [DEFAULT] foi definido.
[2021/1/5:16h50m][INFO][src.modulo.inicializacao.Inicializador] - Atritubo [EnumAtributo.PATH_PROJETO] definico como [/media/beldroega/DATA/SIDRAT/TARDIS]
[2021/1/5:16h50m][INFO][src.modulo.inicializacao.Inicializador] - Atritubo [EnumAtributo.INICIALIZACAO_TYPE] definico como [DEFAULT]
[2021/1/5:16h50m][INFO][src.modulo.inicializacao.Inicializador] - Atritubo [EnumAtributo.INICIALIZACAO_DOMINIO] definico como [../base/dominio.csv]
[2021/1/5:16h50m][INFO][src.modulo.problemas_fechados.ProblemaFechado] - Carregando o src.modulo.problemas_fechados.ProblemaFechado
[2021/1/5:16h50m][INFO][src.modulo.problemas_fechados.ProblemaFechado] - O modulo de inicialização [SPHERE] foi definido.
[2021/1/5:16h50m][INFO][src.modulo.problemas_fechados.ProblemaFechado] - Atritubo [EnumAtributo.OTIMIZACAO_TYPE] definico como [IDLHC]
[2021/1/5:16h50m][INFO][src.modulo.problemas_fechados.ProblemaFechado] - Atritubo [EnumAtributo.PATH_RESULTADO] definico como [resultado/iteracao_{}]
[2021/1/5:16h50m][INFO][src.modulo.problemas_fechados.ProblemaFechado] - Atritubo [EnumAtributo.AVALIACAO_TYPE] definico como [SPHERE]
[2021/1/5:16h50m][INFO][src.modulo.problemas_fechados.ProblemaFechado] - Atritubo [EnumAtributo.PATH_PROJETO] definico como [/media/beldroega/DATA/SIDRAT/TARDIS]
[2021/1/5:16h50m][INFO][src.modulo.problemas_fechados.ProblemaFechado] - Atritubo [EnumAtributo.PATH_RESULTADO] definico como [resultado/iteracao_{}]
